2014-09-23 16:24:20,557 [9] INFO CRS.ReportExtractor.Program - Starting execution: /HSCRC_Reports/[Hospital Reports] IP Readmission Trends and Locations-EXCEL-targetHospital
2014-09-23 16:24:20,573 [9] INFO CRS.ReportExtractor.Program - Starting execution: /HSCRC_Reports/[Hospital Reports] IP Readmissions by Clinical Service Line-EXCEL-sourceid
2014-09-23 16:24:20,573 [9] INFO CRS.ReportExtractor.Program - Exiting application
2014-09-23 16:24:24,963 [12] INFO CRS.ReportExtractor.Program - Starting report execution process: /HSCRC_Reports/[Hospital Reports] IP Readmissions by Clinical Service Line-210023-oawjts55pkemht552svkivb5
2014-09-23 16:24:24,994 [11] INFO CRS.ReportExtractor.Program - Starting report execution process: /HSCRC_Reports/[Hospital Reports] IP Readmission Trends and Locations-210023-obiw1h55yepixbnh1o5jkrzs
2014-09-23 16:24:37,212 [12] INFO CRS.ReportExtractor.Program - Starting create file process: /HSCRC_Reports/[Hospital Reports] IP Readmissions by Clinical Service Line-210023-oawjts55pkemht552svkivb5-\\TPDC1\crispdev\CRS\Reports Standard\WebsiteStatic\DEV\{0}\{1}\IP Readmissions by Service Line of Initial Visit from {2} to {3} run on {4} for {5} {6}.xls
2014-09-23 16:24:37,399 [12] INFO CRS.ReportExtractor.Program - Starting report execution process: /HSCRC_Reports/[Hospital Reports] IP Readmissions by Clinical Service Line-210061-oawjts55pkemht552svkivb5
2014-09-23 16:24:40,649 [11] INFO CRS.ReportExtractor.Program - Starting create file process: /HSCRC_Reports/[Hospital Reports] IP Readmission Trends and Locations-210023-obiw1h55yepixbnh1o5jkrzs-\\TPDC1\crispdev\CRS\Reports Standard\WebsiteStatic\DEV\{0}\{1}\IP Readmission Trends and Locations from {2} to {3} run on {4} for {5} {6}.xls
2014-09-23 16:24:40,852 [11] INFO CRS.ReportExtractor.Program - Starting report execution process: /HSCRC_Reports/[Hospital Reports] IP Readmission Trends and Locations-210061-obiw1h55yepixbnh1o5jkrzs
2014-09-23 16:24:46,445 [12] INFO CRS.ReportExtractor.Program - Starting create file process: /HSCRC_Reports/[Hospital Reports] IP Readmissions by Clinical Service Line-210061-oawjts55pkemht552svkivb5-\\TPDC1\crispdev\CRS\Reports Standard\WebsiteStatic\DEV\{0}\{1}\IP Readmissions by Service Line of Initial Visit from {2} to {3} run on {4} for {5} {6}.xls
2014-09-23 16:24:46,601 [12] INFO CRS.ReportExtractor.Program - Starting report execution process: /HSCRC_Reports/[Hospital Reports] IP Readmissions by Clinical Service Line-210013-oawjts55pkemht552svkivb5
2014-09-23 16:24:52,991 [12] INFO CRS.ReportExtractor.Program - Starting create file process: /HSCRC_Reports/[Hospital Reports] IP Readmissions by Clinical Service Line-210013-oawjts55pkemht552svkivb5-\\TPDC1\crispdev\CRS\Reports Standard\WebsiteStatic\DEV\{0}\{1}\IP Readmissions by Service Line of Initial Visit from {2} to {3} run on {4} for {5} {6}.xls
2014-09-23 16:24:53,225 [12] INFO CRS.ReportExtractor.Program - Starting report execution process: /HSCRC_Reports/[Hospital Reports] IP Readmissions by Clinical Service Line-210039-oawjts55pkemht552svkivb5
2014-09-23 16:24:53,241 [11] INFO CRS.ReportExtractor.Program - Starting create file process: /HSCRC_Reports/[Hospital Reports] IP Readmission Trends and Locations-210061-obiw1h55yepixbnh1o5jkrzs-\\TPDC1\crispdev\CRS\Reports Standard\WebsiteStatic\DEV\{0}\{1}\IP Readmission Trends and Locations from {2} to {3} run on {4} for {5} {6}.xls
2014-09-23 16:24:53,491 [11] INFO CRS.ReportExtractor.Program - Starting report execution process: /HSCRC_Reports/[Hospital Reports] IP Readmission Trends and Locations-210013-obiw1h55yepixbnh1o5jkrzs
2014-09-23 16:25:02,445 [12] INFO CRS.ReportExtractor.Program - Starting create file process: /HSCRC_Reports/[Hospital Reports] IP Readmissions by Clinical Service Line-210039-oawjts55pkemht552svkivb5-\\TPDC1\crispdev\CRS\Reports Standard\WebsiteStatic\DEV\{0}\{1}\IP Readmissions by Service Line of Initial Visit from {2} to {3} run on {4} for {5} {6}.xls
2014-09-23 16:25:02,570 [12] INFO CRS.ReportExtractor.Program - Starting report execution process: /HSCRC_Reports/[Hospital Reports] IP Readmissions by Clinical Service Line-210033-oawjts55pkemht552svkivb5
2014-09-23 16:25:13,163 [12] INFO CRS.ReportExtractor.Program - Starting create file process: /HSCRC_Reports/[Hospital Reports] IP Readmissions by Clinical Service Line-210033-oawjts55pkemht552svkivb5-\\TPDC1\crispdev\CRS\Reports Standard\WebsiteStatic\DEV\{0}\{1}\IP Readmissions by Service Line of Initial Visit from {2} to {3} run on {4} for {5} {6}.xls
2014-09-23 16:25:13,366 [12] INFO CRS.ReportExtractor.Program - Starting report execution process: /HSCRC_Reports/[Hospital Reports] IP Readmissions by Clinical Service Line-210051-oawjts55pkemht552svkivb5
2014-09-23 16:25:15,475 [11] INFO CRS.ReportExtractor.Program - Starting create file process: /HSCRC_Reports/[Hospital Reports] IP Readmission Trends and Locations-210013-obiw1h55yepixbnh1o5jkrzs-\\TPDC1\crispdev\CRS\Reports Standard\WebsiteStatic\DEV\{0}\{1}\IP Readmission Trends and Locations from {2} to {3} run on {4} for {5} {6}.xls
2014-09-23 16:25:15,600 [11] INFO CRS.ReportExtractor.Program - Starting report execution process: /HSCRC_Reports/[Hospital Reports] IP Readmission Trends and Locations-210039-obiw1h55yepixbnh1o5jkrzs
2014-09-23 16:25:23,521 [12] INFO CRS.ReportExtractor.Program - Starting create file process: /HSCRC_Reports/[Hospital Reports] IP Readmissions by Clinical Service Line-210051-oawjts55pkemht552svkivb5-\\TPDC1\crispdev\CRS\Reports Standard\WebsiteStatic\DEV\{0}\{1}\IP Readmissions by Service Line of Initial Visit from {2} to {3} run on {4} for {5} {6}.xls
2014-09-23 16:25:23,709 [12] INFO CRS.ReportExtractor.Program - Starting report execution process: /HSCRC_Reports/[Hospital Reports] IP Readmissions by Clinical Service Line-210060-oawjts55pkemht552svkivb5
2014-09-23 16:25:32,426 [12] INFO CRS.ReportExtractor.Program - Starting create file process: /HSCRC_Reports/[Hospital Reports] IP Readmissions by Clinical Service Line-210060-oawjts55pkemht552svkivb5-\\TPDC1\crispdev\CRS\Reports Standard\WebsiteStatic\DEV\{0}\{1}\IP Readmissions by Service Line of Initial Visit from {2} to {3} run on {4} for {5} {6}.xls
2014-09-23 16:25:32,567 [12] INFO CRS.ReportExtractor.Program - Starting report execution process: /HSCRC_Reports/[Hospital Reports] IP Readmissions by Clinical Service Line-210005-oawjts55pkemht552svkivb5
2014-09-23 16:25:35,535 [11] INFO CRS.ReportExtractor.Program - Starting create file process: /HSCRC_Reports/[Hospital Reports] IP Readmission Trends and Locations-210039-obiw1h55yepixbnh1o5jkrzs-\\TPDC1\crispdev\CRS\Reports Standard\WebsiteStatic\DEV\{0}\{1}\IP Readmission Trends and Locations from {2} to {3} run on {4} for {5} {6}.xls
2014-09-23 16:25:35,660 [11] INFO CRS.ReportExtractor.Program - Starting report execution process: /HSCRC_Reports/[Hospital Reports] IP Readmission Trends and Locations-210033-obiw1h55yepixbnh1o5jkrzs
2014-09-23 16:25:39,441 [12] INFO CRS.ReportExtractor.Program - Starting create file process: /HSCRC_Reports/[Hospital Reports] IP Readmissions by Clinical Service Line-210005-oawjts55pkemht552svkivb5-\\TPDC1\crispdev\CRS\Reports Standard\WebsiteStatic\DEV\{0}\{1}\IP Readmissions by Service Line of Initial Visit from {2} to {3} run on {4} for {5} {6}.xls
2014-09-23 16:25:39,551 [12] INFO CRS.ReportExtractor.Program - Starting report execution process: /HSCRC_Reports/[Hospital Reports] IP Readmissions by Clinical Service Line-210017-oawjts55pkemht552svkivb5
2014-09-23 16:25:43,675 [11] INFO CRS.ReportExtractor.Program - Starting create file process: /HSCRC_Reports/[Hospital Reports] IP Readmission Trends and Locations-210033-obiw1h55yepixbnh1o5jkrzs-\\TPDC1\crispdev\CRS\Reports Standard\WebsiteStatic\DEV\{0}\{1}\IP Readmission Trends and Locations from {2} to {3} run on {4} for {5} {6}.xls
2014-09-23 16:25:43,800 [11] INFO CRS.ReportExtractor.Program - Starting report execution process: /HSCRC_Reports/[Hospital Reports] IP Readmission Trends and Locations-210051-obiw1h55yepixbnh1o5jkrzs
2014-09-23 16:25:47,503 [12] INFO CRS.ReportExtractor.Program - Starting create file process: /HSCRC_Reports/[Hospital Reports] IP Readmissions by Clinical Service Line-210017-oawjts55pkemht552svkivb5-\\TPDC1\crispdev\CRS\Reports Standard\WebsiteStatic\DEV\{0}\{1}\IP Readmissions by Service Line of Initial Visit from {2} to {3} run on {4} for {5} {6}.xls
2014-09-23 16:25:47,690 [12] INFO CRS.ReportExtractor.Program - Starting report execution process: /HSCRC_Reports/[Hospital Reports] IP Readmissions by Clinical Service Line-210044-oawjts55pkemht552svkivb5
2014-09-23 16:25:54,362 [12] INFO CRS.ReportExtractor.Program - Starting create file process: /HSCRC_Reports/[Hospital Reports] IP Readmissions by Clinical Service Line-210044-oawjts55pkemht552svkivb5-\\TPDC1\crispdev\CRS\Reports Standard\WebsiteStatic\DEV\{0}\{1}\IP Readmissions by Service Line of Initial Visit from {2} to {3} run on {4} for {5} {6}.xls
2014-09-23 16:25:54,502 [12] INFO CRS.ReportExtractor.Program - Starting report execution process: /HSCRC_Reports/[Hospital Reports] IP Readmissions by Clinical Service Line-210055-oawjts55pkemht552svkivb5
2014-09-23 16:25:54,643 [11] INFO CRS.ReportExtractor.Program - Starting create file process: /HSCRC_Reports/[Hospital Reports] IP Readmission Trends and Locations-210051-obiw1h55yepixbnh1o5jkrzs-\\TPDC1\crispdev\CRS\Reports Standard\WebsiteStatic\DEV\{0}\{1}\IP Readmission Trends and Locations from {2} to {3} run on {4} for {5} {6}.xls
2014-09-23 16:25:54,783 [11] INFO CRS.ReportExtractor.Program - Starting report execution process: /HSCRC_Reports/[Hospital Reports] IP Readmission Trends and Locations-210060-obiw1h55yepixbnh1o5jkrzs
2014-09-23 16:26:00,283 [12] INFO CRS.ReportExtractor.Program - Starting create file process: /HSCRC_Reports/[Hospital Reports] IP Readmissions by Clinical Service Line-210055-oawjts55pkemht552svkivb5-\\TPDC1\crispdev\CRS\Reports Standard\WebsiteStatic\DEV\{0}\{1}\IP Readmissions by Service Line of Initial Visit from {2} to {3} run on {4} for {5} {6}.xls
2014-09-23 16:26:00,533 [12] INFO CRS.ReportExtractor.Program - Starting report execution process: /HSCRC_Reports/[Hospital Reports] IP Readmissions by Clinical Service Line-210006-oawjts55pkemht552svkivb5
2014-09-23 16:26:04,298 [12] INFO CRS.ReportExtractor.Program - Starting create file process: /HSCRC_Reports/[Hospital Reports] IP Readmissions by Clinical Service Line-210006-oawjts55pkemht552svkivb5-\\TPDC1\crispdev\CRS\Reports Standard\WebsiteStatic\DEV\{0}\{1}\IP Readmissions by Service Line of Initial Visit from {2} to {3} run on {4} for {5} {6}.xls
2014-09-23 16:26:04,407 [12] INFO CRS.ReportExtractor.Program - Starting report execution process: /HSCRC_Reports/[Hospital Reports] IP Readmissions by Clinical Service Line-210004-oawjts55pkemht552svkivb5
2014-09-23 16:26:04,564 [11] INFO CRS.ReportExtractor.Program - Starting create file process: /HSCRC_Reports/[Hospital Reports] IP Readmission Trends and Locations-210060-obiw1h55yepixbnh1o5jkrzs-\\TPDC1\crispdev\CRS\Reports Standard\WebsiteStatic\DEV\{0}\{1}\IP Readmission Trends and Locations from {2} to {3} run on {4} for {5} {6}.xls
2014-09-23 16:26:04,704 [11] INFO CRS.ReportExtractor.Program - Starting report execution process: /HSCRC_Reports/[Hospital Reports] IP Readmission Trends and Locations-210005-obiw1h55yepixbnh1o5jkrzs
2014-09-23 16:26:09,286 [12] INFO CRS.ReportExtractor.Program - Starting create file process: /HSCRC_Reports/[Hospital Reports] IP Readmissions by Clinical Service Line-210004-oawjts55pkemht552svkivb5-\\TPDC1\crispdev\CRS\Reports Standard\WebsiteStatic\DEV\{0}\{1}\IP Readmissions by Service Line of Initial Visit from {2} to {3} run on {4} for {5} {6}.xls
2014-09-23 16:26:09,505 [12] INFO CRS.ReportExtractor.Program - Starting report execution process: /HSCRC_Reports/[Hospital Reports] IP Readmissions by Clinical Service Line-210048-oawjts55pkemht552svkivb5
2014-09-23 16:26:15,551 [12] INFO CRS.ReportExtractor.Program - Starting create file process: /HSCRC_Reports/[Hospital Reports] IP Readmissions by Clinical Service Line-210048-oawjts55pkemht552svkivb5-\\TPDC1\crispdev\CRS\Reports Standard\WebsiteStatic\DEV\{0}\{1}\IP Readmissions by Service Line of Initial Visit from {2} to {3} run on {4} for {5} {6}.xls
2014-09-23 16:26:15,661 [12] INFO CRS.ReportExtractor.Program - Starting report execution process: /HSCRC_Reports/[Hospital Reports] IP Readmissions by Clinical Service Line-210009-oawjts55pkemht552svkivb5
2014-09-23 16:26:16,051 [11] INFO CRS.ReportExtractor.Program - Starting create file process: /HSCRC_Reports/[Hospital Reports] IP Readmission Trends and Locations-210005-obiw1h55yepixbnh1o5jkrzs-\\TPDC1\crispdev\CRS\Reports Standard\WebsiteStatic\DEV\{0}\{1}\IP Readmission Trends and Locations from {2} to {3} run on {4} for {5} {6}.xls
2014-09-23 16:26:16,348 [11] INFO CRS.ReportExtractor.Program - Starting report execution process: /HSCRC_Reports/[Hospital Reports] IP Readmission Trends and Locations-210017-obiw1h55yepixbnh1o5jkrzs
2014-09-23 16:26:21,566 [12] INFO CRS.ReportExtractor.Program - Starting create file process: /HSCRC_Reports/[Hospital Reports] IP Readmissions by Clinical Service Line-210009-oawjts55pkemht552svkivb5-\\TPDC1\crispdev\CRS\Reports Standard\WebsiteStatic\DEV\{0}\{1}\IP Readmissions by Service Line of Initial Visit from {2} to {3} run on {4} for {5} {6}.xls
2014-09-23 16:26:21,691 [12] INFO CRS.ReportExtractor.Program - Starting report execution process: /HSCRC_Reports/[Hospital Reports] IP Readmissions by Clinical Service Line-210029-oawjts55pkemht552svkivb5
2014-09-23 16:26:26,113 [11] INFO CRS.ReportExtractor.Program - Starting create file process: /HSCRC_Reports/[Hospital Reports] IP Readmission Trends and Locations-210017-obiw1h55yepixbnh1o5jkrzs-\\TPDC1\crispdev\CRS\Reports Standard\WebsiteStatic\DEV\{0}\{1}\IP Readmission Trends and Locations from {2} to {3} run on {4} for {5} {6}.xls
2014-09-23 16:26:26,222 [11] INFO CRS.ReportExtractor.Program - Starting report execution process: /HSCRC_Reports/[Hospital Reports] IP Readmission Trends and Locations-210044-obiw1h55yepixbnh1o5jkrzs
2014-09-23 16:26:26,503 [12] INFO CRS.ReportExtractor.Program - Starting create file process: /HSCRC_Reports/[Hospital Reports] IP Readmissions by Clinical Service Line-210029-oawjts55pkemht552svkivb5-\\TPDC1\crispdev\CRS\Reports Standard\WebsiteStatic\DEV\{0}\{1}\IP Readmissions by Service Line of Initial Visit from {2} to {3} run on {4} for {5} {6}.xls
2014-09-23 16:26:26,675 [12] INFO CRS.ReportExtractor.Program - Starting report execution process: /HSCRC_Reports/[Hospital Reports] IP Readmissions by Clinical Service Line-210045-oawjts55pkemht552svkivb5
2014-09-23 16:26:31,831 [12] INFO CRS.ReportExtractor.Program - Starting create file process: /HSCRC_Reports/[Hospital Reports] IP Readmissions by Clinical Service Line-210045-oawjts55pkemht552svkivb5-\\TPDC1\crispdev\CRS\Reports Standard\WebsiteStatic\DEV\{0}\{1}\IP Readmissions by Service Line of Initial Visit from {2} to {3} run on {4} for {5} {6}.xls
2014-09-23 16:26:31,940 [12] INFO CRS.ReportExtractor.Program - Starting report execution process: /HSCRC_Reports/[Hospital Reports] IP Readmissions by Clinical Service Line-210015-oawjts55pkemht552svkivb5
2014-09-23 16:26:34,393 [11] INFO CRS.ReportExtractor.Program - Starting create file process: /HSCRC_Reports/[Hospital Reports] IP Readmission Trends and Locations-210044-obiw1h55yepixbnh1o5jkrzs-\\TPDC1\crispdev\CRS\Reports Standard\WebsiteStatic\DEV\{0}\{1}\IP Readmission Trends and Locations from {2} to {3} run on {4} for {5} {6}.xls
2014-09-23 16:26:34,502 [11] INFO CRS.ReportExtractor.Program - Starting report execution process: /HSCRC_Reports/[Hospital Reports] IP Readmission Trends and Locations-210055-obiw1h55yepixbnh1o5jkrzs
2014-09-23 16:26:37,252 [12] INFO CRS.ReportExtractor.Program - Starting create file process: /HSCRC_Reports/[Hospital Reports] IP Readmissions by Clinical Service Line-210015-oawjts55pkemht552svkivb5-\\TPDC1\crispdev\CRS\Reports Standard\WebsiteStatic\DEV\{0}\{1}\IP Readmissions by Service Line of Initial Visit from {2} to {3} run on {4} for {5} {6}.xls
2014-09-23 16:26:37,533 [12] INFO CRS.ReportExtractor.Program - Starting report execution process: /HSCRC_Reports/[Hospital Reports] IP Readmissions by Clinical Service Line-210056-oawjts55pkemht552svkivb5
2014-09-23 16:26:41,877 [12] INFO CRS.ReportExtractor.Program - Starting create file process: /HSCRC_Reports/[Hospital Reports] IP Readmissions by Clinical Service Line-210056-oawjts55pkemht552svkivb5-\\TPDC1\crispdev\CRS\Reports Standard\WebsiteStatic\DEV\{0}\{1}\IP Readmissions by Service Line of Initial Visit from {2} to {3} run on {4} for {5} {6}.xls
2014-09-23 16:26:42,064 [12] INFO CRS.ReportExtractor.Program - Starting report execution process: /HSCRC_Reports/[Hospital Reports] IP Readmissions by Clinical Service Line-210034-oawjts55pkemht552svkivb5
2014-09-23 16:26:45,611 [11] INFO CRS.ReportExtractor.Program - Starting create file process: /HSCRC_Reports/[Hospital Reports] IP Readmission Trends and Locations-210055-obiw1h55yepixbnh1o5jkrzs-\\TPDC1\crispdev\CRS\Reports Standard\WebsiteStatic\DEV\{0}\{1}\IP Readmission Trends and Locations from {2} to {3} run on {4} for {5} {6}.xls
2014-09-23 16:26:46,158 [11] INFO CRS.ReportExtractor.Program - Starting report execution process: /HSCRC_Reports/[Hospital Reports] IP Readmission Trends and Locations-210006-obiw1h55yepixbnh1o5jkrzs
2014-09-23 16:26:50,002 [12] INFO CRS.ReportExtractor.Program - Starting create file process: /HSCRC_Reports/[Hospital Reports] IP Readmissions by Clinical Service Line-210034-oawjts55pkemht552svkivb5-\\TPDC1\crispdev\CRS\Reports Standard\WebsiteStatic\DEV\{0}\{1}\IP Readmissions by Service Line of Initial Visit from {2} to {3} run on {4} for {5} {6}.xls
2014-09-23 16:26:50,158 [12] INFO CRS.ReportExtractor.Program - Starting report execution process: /HSCRC_Reports/[Hospital Reports] IP Readmissions by Clinical Service Line-210018-oawjts55pkemht552svkivb5
2014-09-23 16:26:57,908 [12] INFO CRS.ReportExtractor.Program - Starting create file process: /HSCRC_Reports/[Hospital Reports] IP Readmissions by Clinical Service Line-210018-oawjts55pkemht552svkivb5-\\TPDC1\crispdev\CRS\Reports Standard\WebsiteStatic\DEV\{0}\{1}\IP Readmissions by Service Line of Initial Visit from {2} to {3} run on {4} for {5} {6}.xls
2014-09-23 16:26:58,174 [12] INFO CRS.ReportExtractor.Program - Starting report execution process: /HSCRC_Reports/[Hospital Reports] IP Readmissions by Clinical Service Line-210028-oawjts55pkemht552svkivb5
2014-09-23 16:26:58,549 [11] INFO CRS.ReportExtractor.Program - Starting create file process: /HSCRC_Reports/[Hospital Reports] IP Readmission Trends and Locations-210006-obiw1h55yepixbnh1o5jkrzs-\\TPDC1\crispdev\CRS\Reports Standard\WebsiteStatic\DEV\{0}\{1}\IP Readmission Trends and Locations from {2} to {3} run on {4} for {5} {6}.xls
2014-09-23 16:26:58,736 [11] INFO CRS.ReportExtractor.Program - Starting report execution process: /HSCRC_Reports/[Hospital Reports] IP Readmission Trends and Locations-210004-obiw1h55yepixbnh1o5jkrzs
2014-09-23 16:27:07,017 [12] INFO CRS.ReportExtractor.Program - Starting create file process: /HSCRC_Reports/[Hospital Reports] IP Readmissions by Clinical Service Line-210028-oawjts55pkemht552svkivb5-\\TPDC1\crispdev\CRS\Reports Standard\WebsiteStatic\DEV\{0}\{1}\IP Readmissions by Service Line of Initial Visit from {2} to {3} run on {4} for {5} {6}.xls
2014-09-23 16:27:07,142 [12] INFO CRS.ReportExtractor.Program - Starting report execution process: /HSCRC_Reports/[Hospital Reports] IP Readmissions by Clinical Service Line-210062-oawjts55pkemht552svkivb5
2014-09-23 16:27:09,814 [11] INFO CRS.ReportExtractor.Program - Starting create file process: /HSCRC_Reports/[Hospital Reports] IP Readmission Trends and Locations-210004-obiw1h55yepixbnh1o5jkrzs-\\TPDC1\crispdev\CRS\Reports Standard\WebsiteStatic\DEV\{0}\{1}\IP Readmission Trends and Locations from {2} to {3} run on {4} for {5} {6}.xls
2014-09-23 16:27:10,017 [11] INFO CRS.ReportExtractor.Program - Starting report execution process: /HSCRC_Reports/[Hospital Reports] IP Readmission Trends and Locations-210048-obiw1h55yepixbnh1o5jkrzs
2014-09-23 16:27:12,846 [12] INFO CRS.ReportExtractor.Program - Starting create file process: /HSCRC_Reports/[Hospital Reports] IP Readmissions by Clinical Service Line-210062-oawjts55pkemht552svkivb5-\\TPDC1\crispdev\CRS\Reports Standard\WebsiteStatic\DEV\{0}\{1}\IP Readmissions by Service Line of Initial Visit from {2} to {3} run on {4} for {5} {6}.xls
2014-09-23 16:27:12,955 [12] INFO CRS.ReportExtractor.Program - Starting report execution process: /HSCRC_Reports/[Hospital Reports] IP Readmissions by Clinical Service Line-210024-oawjts55pkemht552svkivb5
2014-09-23 16:27:17,533 [12] INFO CRS.ReportExtractor.Program - Starting create file process: /HSCRC_Reports/[Hospital Reports] IP Readmissions by Clinical Service Line-210024-oawjts55pkemht552svkivb5-\\TPDC1\crispdev\CRS\Reports Standard\WebsiteStatic\DEV\{0}\{1}\IP Readmissions by Service Line of Initial Visit from {2} to {3} run on {4} for {5} {6}.xls
2014-09-23 16:27:17,642 [12] INFO CRS.ReportExtractor.Program - Starting report execution process: /HSCRC_Reports/[Hospital Reports] IP Readmissions by Clinical Service Line-210008-oawjts55pkemht552svkivb5
2014-09-23 16:27:18,017 [11] INFO CRS.ReportExtractor.Program - Starting create file process: /HSCRC_Reports/[Hospital Reports] IP Readmission Trends and Locations-210048-obiw1h55yepixbnh1o5jkrzs-\\TPDC1\crispdev\CRS\Reports Standard\WebsiteStatic\DEV\{0}\{1}\IP Readmission Trends and Locations from {2} to {3} run on {4} for {5} {6}.xls
2014-09-23 16:27:18,377 [11] INFO CRS.ReportExtractor.Program - Starting report execution process: /HSCRC_Reports/[Hospital Reports] IP Readmission Trends and Locations-210009-obiw1h55yepixbnh1o5jkrzs
2014-09-23 16:27:21,596 [12] INFO CRS.ReportExtractor.Program - Starting create file process: /HSCRC_Reports/[Hospital Reports] IP Readmissions by Clinical Service Line-210008-oawjts55pkemht552svkivb5-\\TPDC1\crispdev\CRS\Reports Standard\WebsiteStatic\DEV\{0}\{1}\IP Readmissions by Service Line of Initial Visit from {2} to {3} run on {4} for {5} {6}.xls
2014-09-23 16:27:21,705 [12] INFO CRS.ReportExtractor.Program - Starting report execution process: /HSCRC_Reports/[Hospital Reports] IP Readmissions by Clinical Service Line-210001-oawjts55pkemht552svkivb5
2014-09-23 16:27:25,502 [11] INFO CRS.ReportExtractor.Program - Starting create file process: /HSCRC_Reports/[Hospital Reports] IP Readmission Trends and Locations-210009-obiw1h55yepixbnh1o5jkrzs-\\TPDC1\crispdev\CRS\Reports Standard\WebsiteStatic\DEV\{0}\{1}\IP Readmission Trends and Locations from {2} to {3} run on {4} for {5} {6}.xls
2014-09-23 16:27:25,627 [11] INFO CRS.ReportExtractor.Program - Starting report execution process: /HSCRC_Reports/[Hospital Reports] IP Readmission Trends and Locations-210029-obiw1h55yepixbnh1o5jkrzs
2014-09-23 16:27:25,814 [12] INFO CRS.ReportExtractor.Program - Starting create file process: /HSCRC_Reports/[Hospital Reports] IP Readmissions by Clinical Service Line-210001-oawjts55pkemht552svkivb5-\\TPDC1\crispdev\CRS\Reports Standard\WebsiteStatic\DEV\{0}\{1}\IP Readmissions by Service Line of Initial Visit from {2} to {3} run on {4} for {5} {6}.xls
2014-09-23 16:27:25,924 [12] INFO CRS.ReportExtractor.Program - Starting report execution process: /HSCRC_Reports/[Hospital Reports] IP Readmissions by Clinical Service Line-210040-oawjts55pkemht552svkivb5
2014-09-23 16:27:31,007 [12] INFO CRS.ReportExtractor.Program - Starting create file process: /HSCRC_Reports/[Hospital Reports] IP Readmissions by Clinical Service Line-210040-oawjts55pkemht552svkivb5-\\TPDC1\crispdev\CRS\Reports Standard\WebsiteStatic\DEV\{0}\{1}\IP Readmissions by Service Line of Initial Visit from {2} to {3} run on {4} for {5} {6}.xls
2014-09-23 16:27:31,242 [12] INFO CRS.ReportExtractor.Program - Starting report execution process: /HSCRC_Reports/[Hospital Reports] IP Readmissions by Clinical Service Line-210019-oawjts55pkemht552svkivb5
2014-09-23 16:27:33,586 [11] INFO CRS.ReportExtractor.Program - Starting create file process: /HSCRC_Reports/[Hospital Reports] IP Readmission Trends and Locations-210029-obiw1h55yepixbnh1o5jkrzs-\\TPDC1\crispdev\CRS\Reports Standard\WebsiteStatic\DEV\{0}\{1}\IP Readmission Trends and Locations from {2} to {3} run on {4} for {5} {6}.xls
2014-09-23 16:27:33,992 [11] INFO CRS.ReportExtractor.Program - Starting report execution process: /HSCRC_Reports/[Hospital Reports] IP Readmission Trends and Locations-210045-obiw1h55yepixbnh1o5jkrzs
2014-09-23 16:27:35,492 [12] INFO CRS.ReportExtractor.Program - Starting create file process: /HSCRC_Reports/[Hospital Reports] IP Readmissions by Clinical Service Line-210019-oawjts55pkemht552svkivb5-\\TPDC1\crispdev\CRS\Reports Standard\WebsiteStatic\DEV\{0}\{1}\IP Readmissions by Service Line of Initial Visit from {2} to {3} run on {4} for {5} {6}.xls
2014-09-23 16:27:35,648 [12] INFO CRS.ReportExtractor.Program - Starting report execution process: /HSCRC_Reports/[Hospital Reports] IP Readmissions by Clinical Service Line-210003-oawjts55pkemht552svkivb5
2014-09-23 16:27:42,476 [12] INFO CRS.ReportExtractor.Program - Starting create file process: /HSCRC_Reports/[Hospital Reports] IP Readmissions by Clinical Service Line-210003-oawjts55pkemht552svkivb5-\\TPDC1\crispdev\CRS\Reports Standard\WebsiteStatic\DEV\{0}\{1}\IP Readmissions by Service Line of Initial Visit from {2} to {3} run on {4} for {5} {6}.xls
2014-09-23 16:27:42,586 [12] INFO CRS.ReportExtractor.Program - Starting report execution process: /HSCRC_Reports/[Hospital Reports] IP Readmissions by Clinical Service Line-210011-oawjts55pkemht552svkivb5
2014-09-23 16:27:46,148 [11] INFO CRS.ReportExtractor.Program - Starting create file process: /HSCRC_Reports/[Hospital Reports] IP Readmission Trends and Locations-210045-obiw1h55yepixbnh1o5jkrzs-\\TPDC1\crispdev\CRS\Reports Standard\WebsiteStatic\DEV\{0}\{1}\IP Readmission Trends and Locations from {2} to {3} run on {4} for {5} {6}.xls
2014-09-23 16:27:46,257 [11] INFO CRS.ReportExtractor.Program - Starting report execution process: /HSCRC_Reports/[Hospital Reports] IP Readmission Trends and Locations-210015-obiw1h55yepixbnh1o5jkrzs
2014-09-23 16:27:50,648 [12] INFO CRS.ReportExtractor.Program - Starting create file process: /HSCRC_Reports/[Hospital Reports] IP Readmissions by Clinical Service Line-210011-oawjts55pkemht552svkivb5-\\TPDC1\crispdev\CRS\Reports Standard\WebsiteStatic\DEV\{0}\{1}\IP Readmissions by Service Line of Initial Visit from {2} to {3} run on {4} for {5} {6}.xls
2014-09-23 16:27:50,773 [12] INFO CRS.ReportExtractor.Program - Starting report execution process: /HSCRC_Reports/[Hospital Reports] IP Readmissions by Clinical Service Line-210057-oawjts55pkemht552svkivb5
2014-09-23 16:27:57,179 [12] INFO CRS.ReportExtractor.Program - Starting create file process: /HSCRC_Reports/[Hospital Reports] IP Readmissions by Clinical Service Line-210057-oawjts55pkemht552svkivb5-\\TPDC1\crispdev\CRS\Reports Standard\WebsiteStatic\DEV\{0}\{1}\IP Readmissions by Service Line of Initial Visit from {2} to {3} run on {4} for {5} {6}.xls
2014-09-23 16:27:57,335 [12] INFO CRS.ReportExtractor.Program - Starting report execution process: /HSCRC_Reports/[Hospital Reports] IP Readmissions by Clinical Service Line-210012-oawjts55pkemht552svkivb5
2014-09-23 16:27:59,679 [11] INFO CRS.ReportExtractor.Program - Starting create file process: /HSCRC_Reports/[Hospital Reports] IP Readmission Trends and Locations-210015-obiw1h55yepixbnh1o5jkrzs-\\TPDC1\crispdev\CRS\Reports Standard\WebsiteStatic\DEV\{0}\{1}\IP Readmission Trends and Locations from {2} to {3} run on {4} for {5} {6}.xls
2014-09-23 16:27:59,820 [11] INFO CRS.ReportExtractor.Program - Starting report execution process: /HSCRC_Reports/[Hospital Reports] IP Readmission Trends and Locations-210056-obiw1h55yepixbnh1o5jkrzs
2014-09-23 16:28:03,679 [12] INFO CRS.ReportExtractor.Program - Starting create file process: /HSCRC_Reports/[Hospital Reports] IP Readmissions by Clinical Service Line-210012-oawjts55pkemht552svkivb5-\\TPDC1\crispdev\CRS\Reports Standard\WebsiteStatic\DEV\{0}\{1}\IP Readmissions by Service Line of Initial Visit from {2} to {3} run on {4} for {5} {6}.xls
2014-09-23 16:28:03,976 [12] INFO CRS.ReportExtractor.Program - Starting report execution process: /HSCRC_Reports/[Hospital Reports] IP Readmissions by Clinical Service Line-210022-oawjts55pkemht552svkivb5
2014-09-23 16:28:05,476 [11] INFO CRS.ReportExtractor.Program - Starting create file process: /HSCRC_Reports/[Hospital Reports] IP Readmission Trends and Locations-210056-obiw1h55yepixbnh1o5jkrzs-\\TPDC1\crispdev\CRS\Reports Standard\WebsiteStatic\DEV\{0}\{1}\IP Readmission Trends and Locations from {2} to {3} run on {4} for {5} {6}.xls
2014-09-23 16:28:05,601 [11] INFO CRS.ReportExtractor.Program - Starting report execution process: /HSCRC_Reports/[Hospital Reports] IP Readmission Trends and Locations-210034-obiw1h55yepixbnh1o5jkrzs
2014-09-23 16:28:06,851 [12] INFO CRS.ReportExtractor.Program - Starting create file process: /HSCRC_Reports/[Hospital Reports] IP Readmissions by Clinical Service Line-210022-oawjts55pkemht552svkivb5-\\TPDC1\crispdev\CRS\Reports Standard\WebsiteStatic\DEV\{0}\{1}\IP Readmissions by Service Line of Initial Visit from {2} to {3} run on {4} for {5} {6}.xls
2014-09-23 16:28:06,960 [12] INFO CRS.ReportExtractor.Program - Starting report execution process: /HSCRC_Reports/[Hospital Reports] IP Readmissions by Clinical Service Line-210043-oawjts55pkemht552svkivb5
2014-09-23 16:28:12,429 [12] INFO CRS.ReportExtractor.Program - Starting create file process: /HSCRC_Reports/[Hospital Reports] IP Readmissions by Clinical Service Line-210043-oawjts55pkemht552svkivb5-\\TPDC1\crispdev\CRS\Reports Standard\WebsiteStatic\DEV\{0}\{1}\IP Readmissions by Service Line of Initial Visit from {2} to {3} run on {4} for {5} {6}.xls
2014-09-23 16:28:12,617 [12] INFO CRS.ReportExtractor.Program - Starting report execution process: /HSCRC_Reports/[Hospital Reports] IP Readmissions by Clinical Service Line-210035-oawjts55pkemht552svkivb5
2014-09-23 16:28:13,164 [11] INFO CRS.ReportExtractor.Program - Starting create file process: /HSCRC_Reports/[Hospital Reports] IP Readmission Trends and Locations-210034-obiw1h55yepixbnh1o5jkrzs-\\TPDC1\crispdev\CRS\Reports Standard\WebsiteStatic\DEV\{0}\{1}\IP Readmission Trends and Locations from {2} to {3} run on {4} for {5} {6}.xls
2014-09-23 16:28:13,367 [11] INFO CRS.ReportExtractor.Program - Starting report execution process: /HSCRC_Reports/[Hospital Reports] IP Readmission Trends and Locations-210018-obiw1h55yepixbnh1o5jkrzs
2014-09-23 16:28:17,226 [12] INFO CRS.ReportExtractor.Program - Starting create file process: /HSCRC_Reports/[Hospital Reports] IP Readmissions by Clinical Service Line-210035-oawjts55pkemht552svkivb5-\\TPDC1\crispdev\CRS\Reports Standard\WebsiteStatic\DEV\{0}\{1}\IP Readmissions by Service Line of Initial Visit from {2} to {3} run on {4} for {5} {6}.xls
2014-09-23 16:28:17,336 [12] INFO CRS.ReportExtractor.Program - Starting report execution process: /HSCRC_Reports/[Hospital Reports] IP Readmissions by Clinical Service Line-210038-oawjts55pkemht552svkivb5
2014-09-23 16:28:19,945 [11] INFO CRS.ReportExtractor.Program - Starting create file process: /HSCRC_Reports/[Hospital Reports] IP Readmission Trends and Locations-210018-obiw1h55yepixbnh1o5jkrzs-\\TPDC1\crispdev\CRS\Reports Standard\WebsiteStatic\DEV\{0}\{1}\IP Readmission Trends and Locations from {2} to {3} run on {4} for {5} {6}.xls
2014-09-23 16:28:20,054 [11] INFO CRS.ReportExtractor.Program - Starting report execution process: /HSCRC_Reports/[Hospital Reports] IP Readmission Trends and Locations-210028-obiw1h55yepixbnh1o5jkrzs
2014-09-23 16:28:20,476 [12] INFO CRS.ReportExtractor.Program - Starting create file process: /HSCRC_Reports/[Hospital Reports] IP Readmissions by Clinical Service Line-210038-oawjts55pkemht552svkivb5-\\TPDC1\crispdev\CRS\Reports Standard\WebsiteStatic\DEV\{0}\{1}\IP Readmissions by Service Line of Initial Visit from {2} to {3} run on {4} for {5} {6}.xls
2014-09-23 16:28:20,586 [12] INFO CRS.ReportExtractor.Program - Starting report execution process: /HSCRC_Reports/[Hospital Reports] IP Readmissions by Clinical Service Line-210088-oawjts55pkemht552svkivb5
2014-09-23 16:28:23,804 [12] INFO CRS.ReportExtractor.Program - Starting create file process: /HSCRC_Reports/[Hospital Reports] IP Readmissions by Clinical Service Line-210088-oawjts55pkemht552svkivb5-\\TPDC1\crispdev\CRS\Reports Standard\WebsiteStatic\DEV\{0}\{1}\IP Readmissions by Service Line of Initial Visit from {2} to {3} run on {4} for {5} {6}.xls
2014-09-23 16:28:23,867 [12] INFO CRS.ReportExtractor.Program - Starting report execution process: /HSCRC_Reports/[Hospital Reports] IP Readmissions by Clinical Service Line-210058-oawjts55pkemht552svkivb5
2014-09-23 16:28:27,836 [12] INFO CRS.ReportExtractor.Program - Starting create file process: /HSCRC_Reports/[Hospital Reports] IP Readmissions by Clinical Service Line-210058-oawjts55pkemht552svkivb5-\\TPDC1\crispdev\CRS\Reports Standard\WebsiteStatic\DEV\{0}\{1}\IP Readmissions by Service Line of Initial Visit from {2} to {3} run on {4} for {5} {6}.xls
2014-09-23 16:28:28,023 [12] INFO CRS.ReportExtractor.Program - Starting report execution process: /HSCRC_Reports/[Hospital Reports] IP Readmissions by Clinical Service Line-210063-oawjts55pkemht552svkivb5
2014-09-23 16:28:28,054 [11] INFO CRS.ReportExtractor.Program - Starting create file process: /HSCRC_Reports/[Hospital Reports] IP Readmission Trends and Locations-210028-obiw1h55yepixbnh1o5jkrzs-\\TPDC1\crispdev\CRS\Reports Standard\WebsiteStatic\DEV\{0}\{1}\IP Readmission Trends and Locations from {2} to {3} run on {4} for {5} {6}.xls
2014-09-23 16:28:28,164 [11] INFO CRS.ReportExtractor.Program - Starting report execution process: /HSCRC_Reports/[Hospital Reports] IP Readmission Trends and Locations-210062-obiw1h55yepixbnh1o5jkrzs
2014-09-23 16:28:32,398 [12] INFO CRS.ReportExtractor.Program - Starting create file process: /HSCRC_Reports/[Hospital Reports] IP Readmissions by Clinical Service Line-210063-oawjts55pkemht552svkivb5-\\TPDC1\crispdev\CRS\Reports Standard\WebsiteStatic\DEV\{0}\{1}\IP Readmissions by Service Line of Initial Visit from {2} to {3} run on {4} for {5} {6}.xls
2014-09-23 16:28:32,492 [12] INFO CRS.ReportExtractor.Program - Starting report execution process: /HSCRC_Reports/[Hospital Reports] IP Readmissions by Clinical Service Line-210030-oawjts55pkemht552svkivb5
2014-09-23 16:28:34,695 [11] INFO CRS.ReportExtractor.Program - Starting create file process: /HSCRC_Reports/[Hospital Reports] IP Readmission Trends and Locations-210062-obiw1h55yepixbnh1o5jkrzs-\\TPDC1\crispdev\CRS\Reports Standard\WebsiteStatic\DEV\{0}\{1}\IP Readmission Trends and Locations from {2} to {3} run on {4} for {5} {6}.xls
2014-09-23 16:28:34,820 [11] INFO CRS.ReportExtractor.Program - Starting report execution process: /HSCRC_Reports/[Hospital Reports] IP Readmission Trends and Locations-210024-obiw1h55yepixbnh1o5jkrzs
2014-09-23 16:28:36,367 [12] INFO CRS.ReportExtractor.Program - Starting create file process: /HSCRC_Reports/[Hospital Reports] IP Readmissions by Clinical Service Line-210030-oawjts55pkemht552svkivb5-\\TPDC1\crispdev\CRS\Reports Standard\WebsiteStatic\DEV\{0}\{1}\IP Readmissions by Service Line of Initial Visit from {2} to {3} run on {4} for {5} {6}.xls
2014-09-23 16:28:36,539 [12] INFO CRS.ReportExtractor.Program - Starting report execution process: /HSCRC_Reports/[Hospital Reports] IP Readmissions by Clinical Service Line-210010-oawjts55pkemht552svkivb5
2014-09-23 16:28:39,585 [12] INFO CRS.ReportExtractor.Program - Starting create file process: /HSCRC_Reports/[Hospital Reports] IP Readmissions by Clinical Service Line-210010-oawjts55pkemht552svkivb5-\\TPDC1\crispdev\CRS\Reports Standard\WebsiteStatic\DEV\{0}\{1}\IP Readmissions by Service Line of Initial Visit from {2} to {3} run on {4} for {5} {6}.xls
2014-09-23 16:28:39,585 [11] INFO CRS.ReportExtractor.Program - Starting create file process: /HSCRC_Reports/[Hospital Reports] IP Readmission Trends and Locations-210024-obiw1h55yepixbnh1o5jkrzs-\\TPDC1\crispdev\CRS\Reports Standard\WebsiteStatic\DEV\{0}\{1}\IP Readmission Trends and Locations from {2} to {3} run on {4} for {5} {6}.xls
2014-09-23 16:28:39,664 [12] INFO CRS.ReportExtractor.Program - Starting report execution process: /HSCRC_Reports/[Hospital Reports] IP Readmissions by Clinical Service Line-210037-oawjts55pkemht552svkivb5
2014-09-23 16:28:39,695 [11] INFO CRS.ReportExtractor.Program - Starting report execution process: /HSCRC_Reports/[Hospital Reports] IP Readmission Trends and Locations-210008-obiw1h55yepixbnh1o5jkrzs
2014-09-23 16:28:42,945 [12] INFO CRS.ReportExtractor.Program - Starting create file process: /HSCRC_Reports/[Hospital Reports] IP Readmissions by Clinical Service Line-210037-oawjts55pkemht552svkivb5-\\TPDC1\crispdev\CRS\Reports Standard\WebsiteStatic\DEV\{0}\{1}\IP Readmissions by Service Line of Initial Visit from {2} to {3} run on {4} for {5} {6}.xls
2014-09-23 16:28:43,085 [12] INFO CRS.ReportExtractor.Program - Starting report execution process: /HSCRC_Reports/[Hospital Reports] IP Readmissions by Clinical Service Line-210032-oawjts55pkemht552svkivb5
2014-09-23 16:28:46,820 [12] INFO CRS.ReportExtractor.Program - Starting create file process: /HSCRC_Reports/[Hospital Reports] IP Readmissions by Clinical Service Line-210032-oawjts55pkemht552svkivb5-\\TPDC1\crispdev\CRS\Reports Standard\WebsiteStatic\DEV\{0}\{1}\IP Readmissions by Service Line of Initial Visit from {2} to {3} run on {4} for {5} {6}.xls
2014-09-23 16:28:47,007 [12] INFO CRS.ReportExtractor.Program - Starting report execution process: /HSCRC_Reports/[Hospital Reports] IP Readmissions by Clinical Service Line-210002-oawjts55pkemht552svkivb5
2014-09-23 16:28:49,117 [11] INFO CRS.ReportExtractor.Program - Starting create file process: /HSCRC_Reports/[Hospital Reports] IP Readmission Trends and Locations-210008-obiw1h55yepixbnh1o5jkrzs-\\TPDC1\crispdev\CRS\Reports Standard\WebsiteStatic\DEV\{0}\{1}\IP Readmission Trends and Locations from {2} to {3} run on {4} for {5} {6}.xls
2014-09-23 16:28:49,226 [11] INFO CRS.ReportExtractor.Program - Starting report execution process: /HSCRC_Reports/[Hospital Reports] IP Readmission Trends and Locations-210001-obiw1h55yepixbnh1o5jkrzs
2014-09-23 16:28:50,929 [12] INFO CRS.ReportExtractor.Program - Starting create file process: /HSCRC_Reports/[Hospital Reports] IP Readmissions by Clinical Service Line-210002-oawjts55pkemht552svkivb5-\\TPDC1\crispdev\CRS\Reports Standard\WebsiteStatic\DEV\{0}\{1}\IP Readmissions by Service Line of Initial Visit from {2} to {3} run on {4} for {5} {6}.xls
2014-09-23 16:28:51,039 [12] INFO CRS.ReportExtractor.Program - Starting report execution process: /HSCRC_Reports/[Hospital Reports] IP Readmissions by Clinical Service Line-210049-oawjts55pkemht552svkivb5
2014-09-23 16:28:55,664 [12] INFO CRS.ReportExtractor.Program - Starting create file process: /HSCRC_Reports/[Hospital Reports] IP Readmissions by Clinical Service Line-210049-oawjts55pkemht552svkivb5-\\TPDC1\crispdev\CRS\Reports Standard\WebsiteStatic\DEV\{0}\{1}\IP Readmissions by Service Line of Initial Visit from {2} to {3} run on {4} for {5} {6}.xls
2014-09-23 16:28:55,757 [12] INFO CRS.ReportExtractor.Program - Starting report execution process: /HSCRC_Reports/[Hospital Reports] IP Readmissions by Clinical Service Line-210016-oawjts55pkemht552svkivb5
2014-09-23 16:28:56,742 [11] INFO CRS.ReportExtractor.Program - Starting create file process: /HSCRC_Reports/[Hospital Reports] IP Readmission Trends and Locations-210001-obiw1h55yepixbnh1o5jkrzs-\\TPDC1\crispdev\CRS\Reports Standard\WebsiteStatic\DEV\{0}\{1}\IP Readmission Trends and Locations from {2} to {3} run on {4} for {5} {6}.xls
2014-09-23 16:28:56,898 [11] INFO CRS.ReportExtractor.Program - Starting report execution process: /HSCRC_Reports/[Hospital Reports] IP Readmission Trends and Locations-210040-obiw1h55yepixbnh1o5jkrzs
2014-09-23 16:28:59,103 [12] INFO CRS.ReportExtractor.Program - Starting create file process: /HSCRC_Reports/[Hospital Reports] IP Readmissions by Clinical Service Line-210016-oawjts55pkemht552svkivb5-\\TPDC1\crispdev\CRS\Reports Standard\WebsiteStatic\DEV\{0}\{1}\IP Readmissions by Service Line of Initial Visit from {2} to {3} run on {4} for {5} {6}.xls
2014-09-23 16:28:59,243 [12] INFO CRS.ReportExtractor.Program - Starting report execution process: /HSCRC_Reports/[Hospital Reports] IP Readmissions by Clinical Service Line-210027-oawjts55pkemht552svkivb5
2014-09-23 16:29:03,009 [11] INFO CRS.ReportExtractor.Program - Starting create file process: /HSCRC_Reports/[Hospital Reports] IP Readmission Trends and Locations-210040-obiw1h55yepixbnh1o5jkrzs-\\TPDC1\crispdev\CRS\Reports Standard\WebsiteStatic\DEV\{0}\{1}\IP Readmission Trends and Locations from {2} to {3} run on {4} for {5} {6}.xls
2014-09-23 16:29:03,259 [11] INFO CRS.ReportExtractor.Program - Starting report execution process: /HSCRC_Reports/[Hospital Reports] IP Readmission Trends and Locations-210019-obiw1h55yepixbnh1o5jkrzs
2014-09-23 16:29:03,650 [12] INFO CRS.ReportExtractor.Program - Starting create file process: /HSCRC_Reports/[Hospital Reports] IP Readmissions by Clinical Service Line-210027-oawjts55pkemht552svkivb5-\\TPDC1\crispdev\CRS\Reports Standard\WebsiteStatic\DEV\{0}\{1}\IP Readmissions by Service Line of Initial Visit from {2} to {3} run on {4} for {5} {6}.xls
2014-09-23 16:29:11,665 [11] INFO CRS.ReportExtractor.Program - Starting create file process: /HSCRC_Reports/[Hospital Reports] IP Readmission Trends and Locations-210019-obiw1h55yepixbnh1o5jkrzs-\\TPDC1\crispdev\CRS\Reports Standard\WebsiteStatic\DEV\{0}\{1}\IP Readmission Trends and Locations from {2} to {3} run on {4} for {5} {6}.xls
2014-09-23 16:29:11,962 [11] INFO CRS.ReportExtractor.Program - Starting report execution process: /HSCRC_Reports/[Hospital Reports] IP Readmission Trends and Locations-210003-obiw1h55yepixbnh1o5jkrzs
2014-09-23 16:29:22,259 [11] INFO CRS.ReportExtractor.Program - Starting create file process: /HSCRC_Reports/[Hospital Reports] IP Readmission Trends and Locations-210003-obiw1h55yepixbnh1o5jkrzs-\\TPDC1\crispdev\CRS\Reports Standard\WebsiteStatic\DEV\{0}\{1}\IP Readmission Trends and Locations from {2} to {3} run on {4} for {5} {6}.xls
2014-09-23 16:29:22,384 [11] INFO CRS.ReportExtractor.Program - Starting report execution process: /HSCRC_Reports/[Hospital Reports] IP Readmission Trends and Locations-210011-obiw1h55yepixbnh1o5jkrzs
2014-09-23 16:29:27,775 [11] INFO CRS.ReportExtractor.Program - Starting create file process: /HSCRC_Reports/[Hospital Reports] IP Readmission Trends and Locations-210011-obiw1h55yepixbnh1o5jkrzs-\\TPDC1\crispdev\CRS\Reports Standard\WebsiteStatic\DEV\{0}\{1}\IP Readmission Trends and Locations from {2} to {3} run on {4} for {5} {6}.xls
2014-09-23 16:29:27,884 [11] INFO CRS.ReportExtractor.Program - Starting report execution process: /HSCRC_Reports/[Hospital Reports] IP Readmission Trends and Locations-210057-obiw1h55yepixbnh1o5jkrzs
2014-09-23 16:29:33,993 [11] INFO CRS.ReportExtractor.Program - Starting create file process: /HSCRC_Reports/[Hospital Reports] IP Readmission Trends and Locations-210057-obiw1h55yepixbnh1o5jkrzs-\\TPDC1\crispdev\CRS\Reports Standard\WebsiteStatic\DEV\{0}\{1}\IP Readmission Trends and Locations from {2} to {3} run on {4} for {5} {6}.xls
2014-09-23 16:29:34,150 [11] INFO CRS.ReportExtractor.Program - Starting report execution process: /HSCRC_Reports/[Hospital Reports] IP Readmission Trends and Locations-210012-obiw1h55yepixbnh1o5jkrzs
2014-09-23 16:29:40,337 [11] INFO CRS.ReportExtractor.Program - Starting create file process: /HSCRC_Reports/[Hospital Reports] IP Readmission Trends and Locations-210012-obiw1h55yepixbnh1o5jkrzs-\\TPDC1\crispdev\CRS\Reports Standard\WebsiteStatic\DEV\{0}\{1}\IP Readmission Trends and Locations from {2} to {3} run on {4} for {5} {6}.xls
2014-09-23 16:29:40,493 [11] INFO CRS.ReportExtractor.Program - Starting report execution process: /HSCRC_Reports/[Hospital Reports] IP Readmission Trends and Locations-210022-obiw1h55yepixbnh1o5jkrzs
2014-09-23 16:29:47,962 [11] INFO CRS.ReportExtractor.Program - Starting create file process: /HSCRC_Reports/[Hospital Reports] IP Readmission Trends and Locations-210022-obiw1h55yepixbnh1o5jkrzs-\\TPDC1\crispdev\CRS\Reports Standard\WebsiteStatic\DEV\{0}\{1}\IP Readmission Trends and Locations from {2} to {3} run on {4} for {5} {6}.xls
2014-09-23 16:29:48,087 [11] INFO CRS.ReportExtractor.Program - Starting report execution process: /HSCRC_Reports/[Hospital Reports] IP Readmission Trends and Locations-210043-obiw1h55yepixbnh1o5jkrzs
2014-09-23 16:29:57,040 [11] INFO CRS.ReportExtractor.Program - Starting create file process: /HSCRC_Reports/[Hospital Reports] IP Readmission Trends and Locations-210043-obiw1h55yepixbnh1o5jkrzs-\\TPDC1\crispdev\CRS\Reports Standard\WebsiteStatic\DEV\{0}\{1}\IP Readmission Trends and Locations from {2} to {3} run on {4} for {5} {6}.xls
2014-09-23 16:29:57,150 [11] INFO CRS.ReportExtractor.Program - Starting report execution process: /HSCRC_Reports/[Hospital Reports] IP Readmission Trends and Locations-210035-obiw1h55yepixbnh1o5jkrzs
2014-09-23 16:30:04,368 [11] INFO CRS.ReportExtractor.Program - Starting create file process: /HSCRC_Reports/[Hospital Reports] IP Readmission Trends and Locations-210035-obiw1h55yepixbnh1o5jkrzs-\\TPDC1\crispdev\CRS\Reports Standard\WebsiteStatic\DEV\{0}\{1}\IP Readmission Trends and Locations from {2} to {3} run on {4} for {5} {6}.xls
2014-09-23 16:30:04,493 [11] INFO CRS.ReportExtractor.Program - Starting report execution process: /HSCRC_Reports/[Hospital Reports] IP Readmission Trends and Locations-210038-obiw1h55yepixbnh1o5jkrzs
2014-09-23 16:30:14,509 [11] INFO CRS.ReportExtractor.Program - Starting create file process: /HSCRC_Reports/[Hospital Reports] IP Readmission Trends and Locations-210038-obiw1h55yepixbnh1o5jkrzs-\\TPDC1\crispdev\CRS\Reports Standard\WebsiteStatic\DEV\{0}\{1}\IP Readmission Trends and Locations from {2} to {3} run on {4} for {5} {6}.xls
2014-09-23 16:30:14,650 [11] INFO CRS.ReportExtractor.Program - Starting report execution process: /HSCRC_Reports/[Hospital Reports] IP Readmission Trends and Locations-210088-obiw1h55yepixbnh1o5jkrzs
2014-09-23 16:30:22,712 [11] INFO CRS.ReportExtractor.Program - Starting create file process: /HSCRC_Reports/[Hospital Reports] IP Readmission Trends and Locations-210088-obiw1h55yepixbnh1o5jkrzs-\\TPDC1\crispdev\CRS\Reports Standard\WebsiteStatic\DEV\{0}\{1}\IP Readmission Trends and Locations from {2} to {3} run on {4} for {5} {6}.xls
2014-09-23 16:30:22,759 [11] INFO CRS.ReportExtractor.Program - Starting report execution process: /HSCRC_Reports/[Hospital Reports] IP Readmission Trends and Locations-210058-obiw1h55yepixbnh1o5jkrzs
2014-09-23 16:30:31,650 [11] INFO CRS.ReportExtractor.Program - Starting create file process: /HSCRC_Reports/[Hospital Reports] IP Readmission Trends and Locations-210058-obiw1h55yepixbnh1o5jkrzs-\\TPDC1\crispdev\CRS\Reports Standard\WebsiteStatic\DEV\{0}\{1}\IP Readmission Trends and Locations from {2} to {3} run on {4} for {5} {6}.xls
2014-09-23 16:30:31,791 [11] INFO CRS.ReportExtractor.Program - Starting report execution process: /HSCRC_Reports/[Hospital Reports] IP Readmission Trends and Locations-210063-obiw1h55yepixbnh1o5jkrzs
2014-09-23 16:30:37,588 [11] INFO CRS.ReportExtractor.Program - Starting create file process: /HSCRC_Reports/[Hospital Reports] IP Readmission Trends and Locations-210063-obiw1h55yepixbnh1o5jkrzs-\\TPDC1\crispdev\CRS\Reports Standard\WebsiteStatic\DEV\{0}\{1}\IP Readmission Trends and Locations from {2} to {3} run on {4} for {5} {6}.xls
2014-09-23 16:30:37,713 [11] INFO CRS.ReportExtractor.Program - Starting report execution process: /HSCRC_Reports/[Hospital Reports] IP Readmission Trends and Locations-210030-obiw1h55yepixbnh1o5jkrzs
2014-09-23 16:30:43,994 [11] INFO CRS.ReportExtractor.Program - Starting create file process: /HSCRC_Reports/[Hospital Reports] IP Readmission Trends and Locations-210030-obiw1h55yepixbnh1o5jkrzs-\\TPDC1\crispdev\CRS\Reports Standard\WebsiteStatic\DEV\{0}\{1}\IP Readmission Trends and Locations from {2} to {3} run on {4} for {5} {6}.xls
2014-09-23 16:30:44,103 [11] INFO CRS.ReportExtractor.Program - Starting report execution process: /HSCRC_Reports/[Hospital Reports] IP Readmission Trends and Locations-210010-obiw1h55yepixbnh1o5jkrzs
2014-09-23 16:30:50,463 [11] INFO CRS.ReportExtractor.Program - Starting create file process: /HSCRC_Reports/[Hospital Reports] IP Readmission Trends and Locations-210010-obiw1h55yepixbnh1o5jkrzs-\\TPDC1\crispdev\CRS\Reports Standard\WebsiteStatic\DEV\{0}\{1}\IP Readmission Trends and Locations from {2} to {3} run on {4} for {5} {6}.xls
2014-09-23 16:30:50,697 [11] INFO CRS.ReportExtractor.Program - Starting report execution process: /HSCRC_Reports/[Hospital Reports] IP Readmission Trends and Locations-210037-obiw1h55yepixbnh1o5jkrzs
2014-09-23 16:30:56,906 [11] INFO CRS.ReportExtractor.Program - Starting create file process: /HSCRC_Reports/[Hospital Reports] IP Readmission Trends and Locations-210037-obiw1h55yepixbnh1o5jkrzs-\\TPDC1\crispdev\CRS\Reports Standard\WebsiteStatic\DEV\{0}\{1}\IP Readmission Trends and Locations from {2} to {3} run on {4} for {5} {6}.xls
2014-09-23 16:30:57,125 [11] INFO CRS.ReportExtractor.Program - Starting report execution process: /HSCRC_Reports/[Hospital Reports] IP Readmission Trends and Locations-210032-obiw1h55yepixbnh1o5jkrzs
2014-09-23 16:31:03,516 [11] INFO CRS.ReportExtractor.Program - Starting create file process: /HSCRC_Reports/[Hospital Reports] IP Readmission Trends and Locations-210032-obiw1h55yepixbnh1o5jkrzs-\\TPDC1\crispdev\CRS\Reports Standard\WebsiteStatic\DEV\{0}\{1}\IP Readmission Trends and Locations from {2} to {3} run on {4} for {5} {6}.xls
2014-09-23 16:31:03,625 [11] INFO CRS.ReportExtractor.Program - Starting report execution process: /HSCRC_Reports/[Hospital Reports] IP Readmission Trends and Locations-210002-obiw1h55yepixbnh1o5jkrzs
2014-09-23 16:31:09,969 [11] INFO CRS.ReportExtractor.Program - Starting create file process: /HSCRC_Reports/[Hospital Reports] IP Readmission Trends and Locations-210002-obiw1h55yepixbnh1o5jkrzs-\\TPDC1\crispdev\CRS\Reports Standard\WebsiteStatic\DEV\{0}\{1}\IP Readmission Trends and Locations from {2} to {3} run on {4} for {5} {6}.xls
2014-09-23 16:31:10,781 [11] INFO CRS.ReportExtractor.Program - Starting report execution process: /HSCRC_Reports/[Hospital Reports] IP Readmission Trends and Locations-210049-obiw1h55yepixbnh1o5jkrzs
2014-09-23 16:31:19,203 [11] INFO CRS.ReportExtractor.Program - Starting create file process: /HSCRC_Reports/[Hospital Reports] IP Readmission Trends and Locations-210049-obiw1h55yepixbnh1o5jkrzs-\\TPDC1\crispdev\CRS\Reports Standard\WebsiteStatic\DEV\{0}\{1}\IP Readmission Trends and Locations from {2} to {3} run on {4} for {5} {6}.xls
2014-09-23 16:31:19,313 [11] INFO CRS.ReportExtractor.Program - Starting report execution process: /HSCRC_Reports/[Hospital Reports] IP Readmission Trends and Locations-210016-obiw1h55yepixbnh1o5jkrzs
2014-09-23 16:31:26,563 [11] INFO CRS.ReportExtractor.Program - Starting create file process: /HSCRC_Reports/[Hospital Reports] IP Readmission Trends and Locations-210016-obiw1h55yepixbnh1o5jkrzs-\\TPDC1\crispdev\CRS\Reports Standard\WebsiteStatic\DEV\{0}\{1}\IP Readmission Trends and Locations from {2} to {3} run on {4} for {5} {6}.xls
2014-09-23 16:31:27,156 [11] INFO CRS.ReportExtractor.Program - Starting report execution process: /HSCRC_Reports/[Hospital Reports] IP Readmission Trends and Locations-210027-obiw1h55yepixbnh1o5jkrzs
2014-09-23 16:31:36,969 [11] INFO CRS.ReportExtractor.Program - Starting create file process: /HSCRC_Reports/[Hospital Reports] IP Readmission Trends and Locations-210027-obiw1h55yepixbnh1o5jkrzs-\\TPDC1\crispdev\CRS\Reports Standard\WebsiteStatic\DEV\{0}\{1}\IP Readmission Trends and Locations from {2} to {3} run on {4} for {5} {6}.xls
