2014-08-07 15:58:29,580 [7] INFO CRS.ReportExtractor.Program - Starting execution: /HSCRC_Reports/IP Readmission Trends and Destinations-EXCEL-targetHospital
2014-08-07 15:59:09,977 [7] INFO CRS.ReportExtractor.Program - Exiting application
2014-08-07 15:59:57,743 [7] INFO CRS.ReportExtractor.Program - Starting execution: /HSCRC_Reports/IP Readmission Trends and Destinations-EXCEL-targetHospital
2014-08-07 15:59:57,759 [7] INFO CRS.ReportExtractor.Program - Exiting application
2014-08-07 16:05:59,689 [7] INFO CRS.ReportExtractor.Program - Starting execution: /HSCRC_Reports/IP Readmission Trends and Destinations-EXCEL-targetHospital
2014-08-07 16:05:59,700 [7] INFO CRS.ReportExtractor.Program - Exiting application
2014-08-07 16:06:33,270 [8] INFO CRS.ReportExtractor.Program - Starting execution: /HSCRC_Reports/IP Readmission Trends and Destinations-EXCEL-targetHospital
2014-08-07 16:06:33,278 [8] INFO CRS.ReportExtractor.Program - Exiting application
2014-08-07 16:07:06,600 [8] INFO CRS.ReportExtractor.Program - Starting execution: /HSCRC_Reports/IP Readmission Trends and Destinations-EXCEL-targetHospital
2014-08-07 16:07:06,615 [8] INFO CRS.ReportExtractor.Program - Exiting application
2014-08-07 16:15:08,784 [7] INFO CRS.ReportExtractor.Program - Starting execution: /HSCRC_Reports/IP Readmission Trends and Destinations-EXCEL-targetHospital
2014-08-07 16:15:11,917 [7] INFO CRS.ReportExtractor.Program - Exiting application
2014-08-07 16:17:38,754 [7] INFO CRS.ReportExtractor.Program - Starting execution: /HSCRC_Reports/IP Readmission Trends and Destinations-EXCEL-targetHospital
2014-08-07 16:17:38,770 [7] INFO CRS.ReportExtractor.Program - Exiting application
2014-08-07 16:18:36,713 [7] INFO CRS.ReportExtractor.Program - Starting execution: /HSCRC_Reports/IP Readmission Trends and Destinations-EXCEL-targetHospital
2014-08-07 16:18:36,722 [7] INFO CRS.ReportExtractor.Program - Exiting application
2014-08-07 16:23:53,615 [7] INFO CRS.ReportExtractor.Program - Starting execution: /HSCRC_Reports/IP Readmission Trends and Destinations-EXCEL-targetHospital
2014-08-07 16:23:53,625 [7] INFO CRS.ReportExtractor.Program - Exiting application
2014-08-07 16:30:38,098 [9] INFO CRS.ReportExtractor.Program - Starting execution: /HSCRC_Reports/IP Readmission Trends and Destinations-EXCEL-targetHospital
2014-08-07 16:30:38,098 [9] INFO CRS.ReportExtractor.Program - Exiting application
2014-08-07 16:31:28,662 [8] INFO CRS.ReportExtractor.Program - Starting execution: /HSCRC_Reports/IP Readmission Trends and Destinations-EXCEL-targetHospital
2014-08-07 16:31:28,678 [8] INFO CRS.ReportExtractor.Program - Exiting application
2014-08-07 16:33:39,843 [7] INFO CRS.ReportExtractor.Program - Starting execution: /HSCRC_Reports/IP Readmission Trends and Destinations-EXCEL-targetHospital
2014-08-07 16:33:39,853 [7] INFO CRS.ReportExtractor.Program - Exiting application
2014-08-07 16:33:40,642 [9] INFO CRS.ReportExtractor.Program - Starting report execution process: /HSCRC_Reports/IP Readmission Trends and Destinations-213029-wzt2xr45ni4xxlanowyify45
2014-08-07 16:33:50,055 [9] INFO CRS.ReportExtractor.Program - Starting create file process: /HSCRC_Reports/IP Readmission Trends and Destinations-213029-wzt2xr45ni4xxlanowyify45-C:\Ai Development\CRISP-ERS-SIM\Developers\sshrestha\CRS\CRS.ReportExtractor\bin\Debug\Reports\Readmission\IP Readmission Trend CY13 on {0} for {1}.xls
2014-08-07 18:50:38,623 [9] INFO CRS.ReportExtractor.Program - Starting execution: /HSCRC_Reports/IP Readmission Trends and Destinations-EXCEL-targetHospital
2014-08-07 18:50:38,638 [9] INFO CRS.ReportExtractor.Program - Exiting application
2014-08-07 18:50:39,529 [11] INFO CRS.ReportExtractor.Program - Starting report execution process: /HSCRC_Reports/IP Readmission Trends and Destinations-213029-ce2xo445zoxiup55o5vvieic
2014-08-07 18:50:49,529 [11] INFO CRS.ReportExtractor.Program - Starting create file process: /HSCRC_Reports/IP Readmission Trends and Destinations-213029-ce2xo445zoxiup55o5vvieic-C:\Ai Development\CRISP-ERS-SIM\Developers\sshrestha\CRS\CRS.ReportExtractor\bin\Debug\Reports\Readmission\IP Readmission Trend CY13 on {0} for {1}.xls
2014-08-07 18:50:49,529 [11] INFO CRS.ReportExtractor.Program - Starting report execution process: /HSCRC_Reports/IP Readmission Trends and Destinations-210023-ce2xo445zoxiup55o5vvieic
2014-08-07 18:51:01,857 [11] INFO CRS.ReportExtractor.Program - Starting create file process: /HSCRC_Reports/IP Readmission Trends and Destinations-210023-ce2xo445zoxiup55o5vvieic-C:\Ai Development\CRISP-ERS-SIM\Developers\sshrestha\CRS\CRS.ReportExtractor\bin\Debug\Reports\Readmission\IP Readmission Trend CY13 on {0} for {1}.xls
2014-08-07 18:51:01,857 [11] INFO CRS.ReportExtractor.Program - Starting report execution process: /HSCRC_Reports/IP Readmission Trends and Destinations-210061-ce2xo445zoxiup55o5vvieic
2014-08-07 18:51:12,764 [11] INFO CRS.ReportExtractor.Program - Starting create file process: /HSCRC_Reports/IP Readmission Trends and Destinations-210061-ce2xo445zoxiup55o5vvieic-C:\Ai Development\CRISP-ERS-SIM\Developers\sshrestha\CRS\CRS.ReportExtractor\bin\Debug\Reports\Readmission\IP Readmission Trend CY13 on {0} for {1}.xls
2014-08-07 18:51:12,764 [11] INFO CRS.ReportExtractor.Program - Starting report execution process: /HSCRC_Reports/IP Readmission Trends and Destinations-210013-ce2xo445zoxiup55o5vvieic
2014-08-07 18:51:24,310 [11] INFO CRS.ReportExtractor.Program - Starting create file process: /HSCRC_Reports/IP Readmission Trends and Destinations-210013-ce2xo445zoxiup55o5vvieic-C:\Ai Development\CRISP-ERS-SIM\Developers\sshrestha\CRS\CRS.ReportExtractor\bin\Debug\Reports\Readmission\IP Readmission Trend CY13 on {0} for {1}.xls
2014-08-07 18:51:24,310 [11] INFO CRS.ReportExtractor.Program - Starting report execution process: /HSCRC_Reports/IP Readmission Trends and Destinations-210333-ce2xo445zoxiup55o5vvieic
2014-08-07 18:51:33,873 [11] INFO CRS.ReportExtractor.Program - Starting create file process: /HSCRC_Reports/IP Readmission Trends and Destinations-210333-ce2xo445zoxiup55o5vvieic-C:\Ai Development\CRISP-ERS-SIM\Developers\sshrestha\CRS\CRS.ReportExtractor\bin\Debug\Reports\Readmission\IP Readmission Trend CY13 on {0} for {1}.xls
2014-08-07 18:51:33,873 [11] INFO CRS.ReportExtractor.Program - Starting report execution process: /HSCRC_Reports/IP Readmission Trends and Destinations-210039-ce2xo445zoxiup55o5vvieic
2014-08-07 18:51:44,514 [11] INFO CRS.ReportExtractor.Program - Starting create file process: /HSCRC_Reports/IP Readmission Trends and Destinations-210039-ce2xo445zoxiup55o5vvieic-C:\Ai Development\CRISP-ERS-SIM\Developers\sshrestha\CRS\CRS.ReportExtractor\bin\Debug\Reports\Readmission\IP Readmission Trend CY13 on {0} for {1}.xls
2014-08-07 18:51:44,514 [11] INFO CRS.ReportExtractor.Program - Starting report execution process: /HSCRC_Reports/IP Readmission Trends and Destinations-210033-ce2xo445zoxiup55o5vvieic
2014-08-07 18:51:55,029 [11] INFO CRS.ReportExtractor.Program - Starting create file process: /HSCRC_Reports/IP Readmission Trends and Destinations-210033-ce2xo445zoxiup55o5vvieic-C:\Ai Development\CRISP-ERS-SIM\Developers\sshrestha\CRS\CRS.ReportExtractor\bin\Debug\Reports\Readmission\IP Readmission Trend CY13 on {0} for {1}.xls
2014-08-07 18:51:55,029 [11] INFO CRS.ReportExtractor.Program - Starting report execution process: /HSCRC_Reports/IP Readmission Trends and Destinations-210051-ce2xo445zoxiup55o5vvieic
2014-08-07 18:52:08,217 [11] INFO CRS.ReportExtractor.Program - Starting create file process: /HSCRC_Reports/IP Readmission Trends and Destinations-210051-ce2xo445zoxiup55o5vvieic-C:\Ai Development\CRISP-ERS-SIM\Developers\sshrestha\CRS\CRS.ReportExtractor\bin\Debug\Reports\Readmission\IP Readmission Trend CY13 on {0} for {1}.xls
2014-08-07 18:52:08,217 [11] INFO CRS.ReportExtractor.Program - Starting report execution process: /HSCRC_Reports/IP Readmission Trends and Destinations-210060-ce2xo445zoxiup55o5vvieic
2014-08-07 18:52:18,139 [11] INFO CRS.ReportExtractor.Program - Starting create file process: /HSCRC_Reports/IP Readmission Trends and Destinations-210060-ce2xo445zoxiup55o5vvieic-C:\Ai Development\CRISP-ERS-SIM\Developers\sshrestha\CRS\CRS.ReportExtractor\bin\Debug\Reports\Readmission\IP Readmission Trend CY13 on {0} for {1}.xls
2014-08-07 18:52:18,139 [11] INFO CRS.ReportExtractor.Program - Starting report execution process: /HSCRC_Reports/IP Readmission Trends and Destinations-210005-ce2xo445zoxiup55o5vvieic
2014-08-07 18:52:28,139 [11] INFO CRS.ReportExtractor.Program - Starting create file process: /HSCRC_Reports/IP Readmission Trends and Destinations-210005-ce2xo445zoxiup55o5vvieic-C:\Ai Development\CRISP-ERS-SIM\Developers\sshrestha\CRS\CRS.ReportExtractor\bin\Debug\Reports\Readmission\IP Readmission Trend CY13 on {0} for {1}.xls
2014-08-07 18:52:28,139 [11] INFO CRS.ReportExtractor.Program - Starting report execution process: /HSCRC_Reports/IP Readmission Trends and Destinations-210017-ce2xo445zoxiup55o5vvieic
2014-08-07 18:52:36,983 [11] INFO CRS.ReportExtractor.Program - Starting create file process: /HSCRC_Reports/IP Readmission Trends and Destinations-210017-ce2xo445zoxiup55o5vvieic-C:\Ai Development\CRISP-ERS-SIM\Developers\sshrestha\CRS\CRS.ReportExtractor\bin\Debug\Reports\Readmission\IP Readmission Trend CY13 on {0} for {1}.xls
2014-08-07 18:52:36,983 [11] INFO CRS.ReportExtractor.Program - Starting report execution process: /HSCRC_Reports/IP Readmission Trends and Destinations-210087-ce2xo445zoxiup55o5vvieic
2014-08-07 18:52:48,326 [11] INFO CRS.ReportExtractor.Program - Starting create file process: /HSCRC_Reports/IP Readmission Trends and Destinations-210087-ce2xo445zoxiup55o5vvieic-C:\Ai Development\CRISP-ERS-SIM\Developers\sshrestha\CRS\CRS.ReportExtractor\bin\Debug\Reports\Readmission\IP Readmission Trend CY13 on {0} for {1}.xls
2014-08-07 18:52:48,326 [11] INFO CRS.ReportExtractor.Program - Starting report execution process: /HSCRC_Reports/IP Readmission Trends and Destinations-210044-ce2xo445zoxiup55o5vvieic
2014-08-07 18:52:59,529 [11] INFO CRS.ReportExtractor.Program - Starting create file process: /HSCRC_Reports/IP Readmission Trends and Destinations-210044-ce2xo445zoxiup55o5vvieic-C:\Ai Development\CRISP-ERS-SIM\Developers\sshrestha\CRS\CRS.ReportExtractor\bin\Debug\Reports\Readmission\IP Readmission Trend CY13 on {0} for {1}.xls
2014-08-07 18:52:59,529 [11] INFO CRS.ReportExtractor.Program - Starting report execution process: /HSCRC_Reports/IP Readmission Trends and Destinations-210055-ce2xo445zoxiup55o5vvieic
2014-08-07 18:53:12,717 [11] INFO CRS.ReportExtractor.Program - Starting create file process: /HSCRC_Reports/IP Readmission Trends and Destinations-210055-ce2xo445zoxiup55o5vvieic-C:\Ai Development\CRISP-ERS-SIM\Developers\sshrestha\CRS\CRS.ReportExtractor\bin\Debug\Reports\Readmission\IP Readmission Trend CY13 on {0} for {1}.xls
2014-08-07 18:53:12,717 [11] INFO CRS.ReportExtractor.Program - Starting report execution process: /HSCRC_Reports/IP Readmission Trends and Destinations-210006-ce2xo445zoxiup55o5vvieic
2014-08-07 18:53:23,295 [11] INFO CRS.ReportExtractor.Program - Starting create file process: /HSCRC_Reports/IP Readmission Trends and Destinations-210006-ce2xo445zoxiup55o5vvieic-C:\Ai Development\CRISP-ERS-SIM\Developers\sshrestha\CRS\CRS.ReportExtractor\bin\Debug\Reports\Readmission\IP Readmission Trend CY13 on {0} for {1}.xls
2014-08-07 18:53:23,295 [11] INFO CRS.ReportExtractor.Program - Starting report execution process: /HSCRC_Reports/IP Readmission Trends and Destinations-213028-ce2xo445zoxiup55o5vvieic
2014-08-07 18:53:33,311 [11] INFO CRS.ReportExtractor.Program - Starting create file process: /HSCRC_Reports/IP Readmission Trends and Destinations-213028-ce2xo445zoxiup55o5vvieic-C:\Ai Development\CRISP-ERS-SIM\Developers\sshrestha\CRS\CRS.ReportExtractor\bin\Debug\Reports\Readmission\IP Readmission Trend CY13 on {0} for {1}.xls
2014-08-07 18:53:33,311 [11] INFO CRS.ReportExtractor.Program - Starting report execution process: /HSCRC_Reports/IP Readmission Trends and Destinations-210004-ce2xo445zoxiup55o5vvieic
2014-08-07 18:53:44,655 [11] INFO CRS.ReportExtractor.Program - Starting create file process: /HSCRC_Reports/IP Readmission Trends and Destinations-210004-ce2xo445zoxiup55o5vvieic-C:\Ai Development\CRISP-ERS-SIM\Developers\sshrestha\CRS\CRS.ReportExtractor\bin\Debug\Reports\Readmission\IP Readmission Trend CY13 on {0} for {1}.xls
2014-08-07 18:53:44,655 [11] INFO CRS.ReportExtractor.Program - Starting report execution process: /HSCRC_Reports/IP Readmission Trends and Destinations-210048-ce2xo445zoxiup55o5vvieic
2014-08-07 18:53:51,405 [11] INFO CRS.ReportExtractor.Program - Starting create file process: /HSCRC_Reports/IP Readmission Trends and Destinations-210048-ce2xo445zoxiup55o5vvieic-C:\Ai Development\CRISP-ERS-SIM\Developers\sshrestha\CRS\CRS.ReportExtractor\bin\Debug\Reports\Readmission\IP Readmission Trend CY13 on {0} for {1}.xls
2014-08-07 18:53:51,405 [11] INFO CRS.ReportExtractor.Program - Starting report execution process: /HSCRC_Reports/IP Readmission Trends and Destinations-210009-ce2xo445zoxiup55o5vvieic
2014-08-07 18:54:01,811 [11] INFO CRS.ReportExtractor.Program - Starting create file process: /HSCRC_Reports/IP Readmission Trends and Destinations-210009-ce2xo445zoxiup55o5vvieic-C:\Ai Development\CRISP-ERS-SIM\Developers\sshrestha\CRS\CRS.ReportExtractor\bin\Debug\Reports\Readmission\IP Readmission Trend CY13 on {0} for {1}.xls
2014-08-07 18:54:01,827 [11] INFO CRS.ReportExtractor.Program - Starting report execution process: /HSCRC_Reports/IP Readmission Trends and Destinations-210029-ce2xo445zoxiup55o5vvieic
2014-08-07 18:54:11,217 [11] INFO CRS.ReportExtractor.Program - Starting create file process: /HSCRC_Reports/IP Readmission Trends and Destinations-210029-ce2xo445zoxiup55o5vvieic-C:\Ai Development\CRISP-ERS-SIM\Developers\sshrestha\CRS\CRS.ReportExtractor\bin\Debug\Reports\Readmission\IP Readmission Trend CY13 on {0} for {1}.xls
2014-08-07 18:54:11,217 [11] INFO CRS.ReportExtractor.Program - Starting report execution process: /HSCRC_Reports/IP Readmission Trends and Destinations-210904-ce2xo445zoxiup55o5vvieic
2014-08-07 18:54:19,561 [11] INFO CRS.ReportExtractor.Program - Starting create file process: /HSCRC_Reports/IP Readmission Trends and Destinations-210904-ce2xo445zoxiup55o5vvieic-C:\Ai Development\CRISP-ERS-SIM\Developers\sshrestha\CRS\CRS.ReportExtractor\bin\Debug\Reports\Readmission\IP Readmission Trend CY13 on {0} for {1}.xls
2014-08-07 18:54:19,561 [11] INFO CRS.ReportExtractor.Program - Starting report execution process: /HSCRC_Reports/IP Readmission Trends and Destinations-212005-ce2xo445zoxiup55o5vvieic
2014-08-07 18:54:30,483 [11] INFO CRS.ReportExtractor.Program - Starting create file process: /HSCRC_Reports/IP Readmission Trends and Destinations-212005-ce2xo445zoxiup55o5vvieic-C:\Ai Development\CRISP-ERS-SIM\Developers\sshrestha\CRS\CRS.ReportExtractor\bin\Debug\Reports\Readmission\IP Readmission Trend CY13 on {0} for {1}.xls
2014-08-07 18:54:30,483 [11] INFO CRS.ReportExtractor.Program - Starting report execution process: /HSCRC_Reports/IP Readmission Trends and Destinations-210064-ce2xo445zoxiup55o5vvieic
2014-08-07 18:54:42,014 [11] INFO CRS.ReportExtractor.Program - Starting create file process: /HSCRC_Reports/IP Readmission Trends and Destinations-210064-ce2xo445zoxiup55o5vvieic-C:\Ai Development\CRISP-ERS-SIM\Developers\sshrestha\CRS\CRS.ReportExtractor\bin\Debug\Reports\Readmission\IP Readmission Trend CY13 on {0} for {1}.xls
2014-08-07 18:54:42,014 [11] INFO CRS.ReportExtractor.Program - Starting report execution process: /HSCRC_Reports/IP Readmission Trends and Destinations-210045-ce2xo445zoxiup55o5vvieic
2014-08-07 18:54:54,342 [11] INFO CRS.ReportExtractor.Program - Starting create file process: /HSCRC_Reports/IP Readmission Trends and Destinations-210045-ce2xo445zoxiup55o5vvieic-C:\Ai Development\CRISP-ERS-SIM\Developers\sshrestha\CRS\CRS.ReportExtractor\bin\Debug\Reports\Readmission\IP Readmission Trend CY13 on {0} for {1}.xls
2014-08-07 18:54:54,342 [11] INFO CRS.ReportExtractor.Program - Starting report execution process: /HSCRC_Reports/IP Readmission Trends and Destinations-210015-ce2xo445zoxiup55o5vvieic
2014-08-07 18:55:04,530 [11] INFO CRS.ReportExtractor.Program - Starting create file process: /HSCRC_Reports/IP Readmission Trends and Destinations-210015-ce2xo445zoxiup55o5vvieic-C:\Ai Development\CRISP-ERS-SIM\Developers\sshrestha\CRS\CRS.ReportExtractor\bin\Debug\Reports\Readmission\IP Readmission Trend CY13 on {0} for {1}.xls
2014-08-07 18:55:04,530 [11] INFO CRS.ReportExtractor.Program - Starting report execution process: /HSCRC_Reports/IP Readmission Trends and Destinations-210056-ce2xo445zoxiup55o5vvieic
2014-08-07 18:55:12,968 [11] INFO CRS.ReportExtractor.Program - Starting create file process: /HSCRC_Reports/IP Readmission Trends and Destinations-210056-ce2xo445zoxiup55o5vvieic-C:\Ai Development\CRISP-ERS-SIM\Developers\sshrestha\CRS\CRS.ReportExtractor\bin\Debug\Reports\Readmission\IP Readmission Trend CY13 on {0} for {1}.xls
2014-08-07 18:55:12,968 [11] INFO CRS.ReportExtractor.Program - Starting report execution process: /HSCRC_Reports/IP Readmission Trends and Destinations-210034-ce2xo445zoxiup55o5vvieic
2014-08-07 18:55:23,749 [11] INFO CRS.ReportExtractor.Program - Starting create file process: /HSCRC_Reports/IP Readmission Trends and Destinations-210034-ce2xo445zoxiup55o5vvieic-C:\Ai Development\CRISP-ERS-SIM\Developers\sshrestha\CRS\CRS.ReportExtractor\bin\Debug\Reports\Readmission\IP Readmission Trend CY13 on {0} for {1}.xls
2014-08-07 18:55:23,749 [11] INFO CRS.ReportExtractor.Program - Starting report execution process: /HSCRC_Reports/IP Readmission Trends and Destinations-210018-ce2xo445zoxiup55o5vvieic
2014-08-07 18:55:34,811 [11] INFO CRS.ReportExtractor.Program - Starting create file process: /HSCRC_Reports/IP Readmission Trends and Destinations-210018-ce2xo445zoxiup55o5vvieic-C:\Ai Development\CRISP-ERS-SIM\Developers\sshrestha\CRS\CRS.ReportExtractor\bin\Debug\Reports\Readmission\IP Readmission Trend CY13 on {0} for {1}.xls
2014-08-07 18:55:34,811 [11] INFO CRS.ReportExtractor.Program - Starting report execution process: /HSCRC_Reports/IP Readmission Trends and Destinations-210028-ce2xo445zoxiup55o5vvieic
2014-08-07 18:55:45,343 [11] INFO CRS.ReportExtractor.Program - Starting create file process: /HSCRC_Reports/IP Readmission Trends and Destinations-210028-ce2xo445zoxiup55o5vvieic-C:\Ai Development\CRISP-ERS-SIM\Developers\sshrestha\CRS\CRS.ReportExtractor\bin\Debug\Reports\Readmission\IP Readmission Trend CY13 on {0} for {1}.xls
2014-08-07 18:55:45,343 [11] INFO CRS.ReportExtractor.Program - Starting report execution process: /HSCRC_Reports/IP Readmission Trends and Destinations-210054-ce2xo445zoxiup55o5vvieic
2014-08-07 18:55:55,874 [11] INFO CRS.ReportExtractor.Program - Starting create file process: /HSCRC_Reports/IP Readmission Trends and Destinations-210054-ce2xo445zoxiup55o5vvieic-C:\Ai Development\CRISP-ERS-SIM\Developers\sshrestha\CRS\CRS.ReportExtractor\bin\Debug\Reports\Readmission\IP Readmission Trend CY13 on {0} for {1}.xls
2014-08-07 18:55:55,874 [11] INFO CRS.ReportExtractor.Program - Starting report execution process: /HSCRC_Reports/IP Readmission Trends and Destinations-210062-ce2xo445zoxiup55o5vvieic
2014-08-07 18:56:06,061 [11] INFO CRS.ReportExtractor.Program - Starting create file process: /HSCRC_Reports/IP Readmission Trends and Destinations-210062-ce2xo445zoxiup55o5vvieic-C:\Ai Development\CRISP-ERS-SIM\Developers\sshrestha\CRS\CRS.ReportExtractor\bin\Debug\Reports\Readmission\IP Readmission Trend CY13 on {0} for {1}.xls
2014-08-07 18:56:06,061 [11] INFO CRS.ReportExtractor.Program - Starting report execution process: /HSCRC_Reports/IP Readmission Trends and Destinations-210024-ce2xo445zoxiup55o5vvieic
2014-08-07 18:56:15,749 [11] INFO CRS.ReportExtractor.Program - Starting create file process: /HSCRC_Reports/IP Readmission Trends and Destinations-210024-ce2xo445zoxiup55o5vvieic-C:\Ai Development\CRISP-ERS-SIM\Developers\sshrestha\CRS\CRS.ReportExtractor\bin\Debug\Reports\Readmission\IP Readmission Trend CY13 on {0} for {1}.xls
2014-08-07 18:56:15,749 [11] INFO CRS.ReportExtractor.Program - Starting report execution process: /HSCRC_Reports/IP Readmission Trends and Destinations-210008-ce2xo445zoxiup55o5vvieic
2014-08-07 18:56:28,409 [11] INFO CRS.ReportExtractor.Program - Starting create file process: /HSCRC_Reports/IP Readmission Trends and Destinations-210008-ce2xo445zoxiup55o5vvieic-C:\Ai Development\CRISP-ERS-SIM\Developers\sshrestha\CRS\CRS.ReportExtractor\bin\Debug\Reports\Readmission\IP Readmission Trend CY13 on {0} for {1}.xls
2014-08-07 18:56:28,410 [11] INFO CRS.ReportExtractor.Program - Starting report execution process: /HSCRC_Reports/IP Readmission Trends and Destinations-210001-ce2xo445zoxiup55o5vvieic
2014-08-07 18:56:39,299 [11] INFO CRS.ReportExtractor.Program - Starting create file process: /HSCRC_Reports/IP Readmission Trends and Destinations-210001-ce2xo445zoxiup55o5vvieic-C:\Ai Development\CRISP-ERS-SIM\Developers\sshrestha\CRS\CRS.ReportExtractor\bin\Debug\Reports\Readmission\IP Readmission Trend CY13 on {0} for {1}.xls
2014-08-07 18:56:39,301 [11] INFO CRS.ReportExtractor.Program - Starting report execution process: /HSCRC_Reports/IP Readmission Trends and Destinations-210040-ce2xo445zoxiup55o5vvieic
2014-08-07 18:56:50,543 [11] INFO CRS.ReportExtractor.Program - Starting create file process: /HSCRC_Reports/IP Readmission Trends and Destinations-210040-ce2xo445zoxiup55o5vvieic-C:\Ai Development\CRISP-ERS-SIM\Developers\sshrestha\CRS\CRS.ReportExtractor\bin\Debug\Reports\Readmission\IP Readmission Trend CY13 on {0} for {1}.xls
2014-08-07 18:56:50,544 [11] INFO CRS.ReportExtractor.Program - Starting report execution process: /HSCRC_Reports/IP Readmission Trends and Destinations-210019-ce2xo445zoxiup55o5vvieic
2014-08-07 18:57:00,380 [11] INFO CRS.ReportExtractor.Program - Starting create file process: /HSCRC_Reports/IP Readmission Trends and Destinations-210019-ce2xo445zoxiup55o5vvieic-C:\Ai Development\CRISP-ERS-SIM\Developers\sshrestha\CRS\CRS.ReportExtractor\bin\Debug\Reports\Readmission\IP Readmission Trend CY13 on {0} for {1}.xls
2014-08-07 18:57:00,381 [11] INFO CRS.ReportExtractor.Program - Starting report execution process: /HSCRC_Reports/IP Readmission Trends and Destinations-210003-ce2xo445zoxiup55o5vvieic
2014-08-07 18:57:11,801 [11] INFO CRS.ReportExtractor.Program - Starting create file process: /HSCRC_Reports/IP Readmission Trends and Destinations-210003-ce2xo445zoxiup55o5vvieic-C:\Ai Development\CRISP-ERS-SIM\Developers\sshrestha\CRS\CRS.ReportExtractor\bin\Debug\Reports\Readmission\IP Readmission Trend CY13 on {0} for {1}.xls
2014-08-07 18:57:11,802 [11] INFO CRS.ReportExtractor.Program - Starting report execution process: /HSCRC_Reports/IP Readmission Trends and Destinations-210011-ce2xo445zoxiup55o5vvieic
2014-08-07 18:57:23,519 [11] INFO CRS.ReportExtractor.Program - Starting create file process: /HSCRC_Reports/IP Readmission Trends and Destinations-210011-ce2xo445zoxiup55o5vvieic-C:\Ai Development\CRISP-ERS-SIM\Developers\sshrestha\CRS\CRS.ReportExtractor\bin\Debug\Reports\Readmission\IP Readmission Trend CY13 on {0} for {1}.xls
2014-08-07 18:57:23,520 [11] INFO CRS.ReportExtractor.Program - Starting report execution process: /HSCRC_Reports/IP Readmission Trends and Destinations-210057-ce2xo445zoxiup55o5vvieic
2014-08-07 18:57:36,714 [11] INFO CRS.ReportExtractor.Program - Starting create file process: /HSCRC_Reports/IP Readmission Trends and Destinations-210057-ce2xo445zoxiup55o5vvieic-C:\Ai Development\CRISP-ERS-SIM\Developers\sshrestha\CRS\CRS.ReportExtractor\bin\Debug\Reports\Readmission\IP Readmission Trend CY13 on {0} for {1}.xls
2014-08-07 18:57:36,714 [11] INFO CRS.ReportExtractor.Program - Starting report execution process: /HSCRC_Reports/IP Readmission Trends and Destinations-210012-ce2xo445zoxiup55o5vvieic
2014-08-07 18:57:46,902 [11] INFO CRS.ReportExtractor.Program - Starting create file process: /HSCRC_Reports/IP Readmission Trends and Destinations-210012-ce2xo445zoxiup55o5vvieic-C:\Ai Development\CRISP-ERS-SIM\Developers\sshrestha\CRS\CRS.ReportExtractor\bin\Debug\Reports\Readmission\IP Readmission Trend CY13 on {0} for {1}.xls
2014-08-07 18:57:46,903 [11] INFO CRS.ReportExtractor.Program - Starting report execution process: /HSCRC_Reports/IP Readmission Trends and Destinations-210022-ce2xo445zoxiup55o5vvieic
2014-08-07 18:57:57,777 [11] INFO CRS.ReportExtractor.Program - Starting create file process: /HSCRC_Reports/IP Readmission Trends and Destinations-210022-ce2xo445zoxiup55o5vvieic-C:\Ai Development\CRISP-ERS-SIM\Developers\sshrestha\CRS\CRS.ReportExtractor\bin\Debug\Reports\Readmission\IP Readmission Trend CY13 on {0} for {1}.xls
2014-08-07 18:57:57,777 [11] INFO CRS.ReportExtractor.Program - Starting report execution process: /HSCRC_Reports/IP Readmission Trends and Destinations-210043-ce2xo445zoxiup55o5vvieic
2014-08-07 18:58:11,855 [11] INFO CRS.ReportExtractor.Program - Starting create file process: /HSCRC_Reports/IP Readmission Trends and Destinations-210043-ce2xo445zoxiup55o5vvieic-C:\Ai Development\CRISP-ERS-SIM\Developers\sshrestha\CRS\CRS.ReportExtractor\bin\Debug\Reports\Readmission\IP Readmission Trend CY13 on {0} for {1}.xls
2014-08-07 18:58:11,855 [11] INFO CRS.ReportExtractor.Program - Starting report execution process: /HSCRC_Reports/IP Readmission Trends and Destinations-210035-ce2xo445zoxiup55o5vvieic
2014-08-07 18:58:23,168 [11] INFO CRS.ReportExtractor.Program - Starting create file process: /HSCRC_Reports/IP Readmission Trends and Destinations-210035-ce2xo445zoxiup55o5vvieic-C:\Ai Development\CRISP-ERS-SIM\Developers\sshrestha\CRS\CRS.ReportExtractor\bin\Debug\Reports\Readmission\IP Readmission Trend CY13 on {0} for {1}.xls
2014-08-07 18:58:23,168 [11] INFO CRS.ReportExtractor.Program - Starting report execution process: /HSCRC_Reports/IP Readmission Trends and Destinations-210038-ce2xo445zoxiup55o5vvieic
2014-08-07 18:58:31,621 [11] INFO CRS.ReportExtractor.Program - Starting create file process: /HSCRC_Reports/IP Readmission Trends and Destinations-210038-ce2xo445zoxiup55o5vvieic-C:\Ai Development\CRISP-ERS-SIM\Developers\sshrestha\CRS\CRS.ReportExtractor\bin\Debug\Reports\Readmission\IP Readmission Trend CY13 on {0} for {1}.xls
2014-08-07 18:58:31,621 [11] INFO CRS.ReportExtractor.Program - Starting report execution process: /HSCRC_Reports/IP Readmission Trends and Destinations-210088-ce2xo445zoxiup55o5vvieic
2014-08-07 18:58:42,418 [11] INFO CRS.ReportExtractor.Program - Starting create file process: /HSCRC_Reports/IP Readmission Trends and Destinations-210088-ce2xo445zoxiup55o5vvieic-C:\Ai Development\CRISP-ERS-SIM\Developers\sshrestha\CRS\CRS.ReportExtractor\bin\Debug\Reports\Readmission\IP Readmission Trend CY13 on {0} for {1}.xls
2014-08-07 18:58:42,418 [11] INFO CRS.ReportExtractor.Program - Starting report execution process: /HSCRC_Reports/IP Readmission Trends and Destinations-210058-ce2xo445zoxiup55o5vvieic
2014-08-07 18:58:51,824 [11] INFO CRS.ReportExtractor.Program - Starting create file process: /HSCRC_Reports/IP Readmission Trends and Destinations-210058-ce2xo445zoxiup55o5vvieic-C:\Ai Development\CRISP-ERS-SIM\Developers\sshrestha\CRS\CRS.ReportExtractor\bin\Debug\Reports\Readmission\IP Readmission Trend CY13 on {0} for {1}.xls
2014-08-07 18:58:51,824 [11] INFO CRS.ReportExtractor.Program - Starting report execution process: /HSCRC_Reports/IP Readmission Trends and Destinations-210063-ce2xo445zoxiup55o5vvieic
2014-08-07 18:59:02,246 [11] INFO CRS.ReportExtractor.Program - Starting create file process: /HSCRC_Reports/IP Readmission Trends and Destinations-210063-ce2xo445zoxiup55o5vvieic-C:\Ai Development\CRISP-ERS-SIM\Developers\sshrestha\CRS\CRS.ReportExtractor\bin\Debug\Reports\Readmission\IP Readmission Trend CY13 on {0} for {1}.xls
2014-08-07 18:59:02,246 [11] INFO CRS.ReportExtractor.Program - Starting report execution process: /HSCRC_Reports/IP Readmission Trends and Destinations-210007-ce2xo445zoxiup55o5vvieic
2014-08-07 18:59:11,715 [11] INFO CRS.ReportExtractor.Program - Starting create file process: /HSCRC_Reports/IP Readmission Trends and Destinations-210007-ce2xo445zoxiup55o5vvieic-C:\Ai Development\CRISP-ERS-SIM\Developers\sshrestha\CRS\CRS.ReportExtractor\bin\Debug\Reports\Readmission\IP Readmission Trend CY13 on {0} for {1}.xls
2014-08-07 18:59:11,715 [11] INFO CRS.ReportExtractor.Program - Starting report execution process: /HSCRC_Reports/IP Readmission Trends and Destinations-210030-ce2xo445zoxiup55o5vvieic
2014-08-07 18:59:21,574 [11] INFO CRS.ReportExtractor.Program - Starting create file process: /HSCRC_Reports/IP Readmission Trends and Destinations-210030-ce2xo445zoxiup55o5vvieic-C:\Ai Development\CRISP-ERS-SIM\Developers\sshrestha\CRS\CRS.ReportExtractor\bin\Debug\Reports\Readmission\IP Readmission Trend CY13 on {0} for {1}.xls
2014-08-07 18:59:21,574 [11] INFO CRS.ReportExtractor.Program - Starting report execution process: /HSCRC_Reports/IP Readmission Trends and Destinations-210010-ce2xo445zoxiup55o5vvieic
2014-08-07 18:59:33,059 [11] INFO CRS.ReportExtractor.Program - Starting create file process: /HSCRC_Reports/IP Readmission Trends and Destinations-210010-ce2xo445zoxiup55o5vvieic-C:\Ai Development\CRISP-ERS-SIM\Developers\sshrestha\CRS\CRS.ReportExtractor\bin\Debug\Reports\Readmission\IP Readmission Trend CY13 on {0} for {1}.xls
2014-08-07 18:59:33,059 [11] INFO CRS.ReportExtractor.Program - Starting report execution process: /HSCRC_Reports/IP Readmission Trends and Destinations-210037-ce2xo445zoxiup55o5vvieic
2014-08-07 18:59:46,699 [11] INFO CRS.ReportExtractor.Program - Starting create file process: /HSCRC_Reports/IP Readmission Trends and Destinations-210037-ce2xo445zoxiup55o5vvieic-C:\Ai Development\CRISP-ERS-SIM\Developers\sshrestha\CRS\CRS.ReportExtractor\bin\Debug\Reports\Readmission\IP Readmission Trend CY13 on {0} for {1}.xls
2014-08-07 18:59:46,699 [11] INFO CRS.ReportExtractor.Program - Starting report execution process: /HSCRC_Reports/IP Readmission Trends and Destinations-210032-ce2xo445zoxiup55o5vvieic
2014-08-07 18:59:58,621 [11] INFO CRS.ReportExtractor.Program - Starting create file process: /HSCRC_Reports/IP Readmission Trends and Destinations-210032-ce2xo445zoxiup55o5vvieic-C:\Ai Development\CRISP-ERS-SIM\Developers\sshrestha\CRS\CRS.ReportExtractor\bin\Debug\Reports\Readmission\IP Readmission Trend CY13 on {0} for {1}.xls
2014-08-07 18:59:58,621 [11] INFO CRS.ReportExtractor.Program - Starting report execution process: /HSCRC_Reports/IP Readmission Trends and Destinations-210002-ce2xo445zoxiup55o5vvieic
2014-08-07 19:00:06,840 [11] INFO CRS.ReportExtractor.Program - Starting create file process: /HSCRC_Reports/IP Readmission Trends and Destinations-210002-ce2xo445zoxiup55o5vvieic-C:\Ai Development\CRISP-ERS-SIM\Developers\sshrestha\CRS\CRS.ReportExtractor\bin\Debug\Reports\Readmission\IP Readmission Trend CY13 on {0} for {1}.xls
2014-08-07 19:00:06,840 [11] INFO CRS.ReportExtractor.Program - Starting report execution process: /HSCRC_Reports/IP Readmission Trends and Destinations-218994-ce2xo445zoxiup55o5vvieic
2014-08-07 19:00:16,387 [11] INFO CRS.ReportExtractor.Program - Starting create file process: /HSCRC_Reports/IP Readmission Trends and Destinations-218994-ce2xo445zoxiup55o5vvieic-C:\Ai Development\CRISP-ERS-SIM\Developers\sshrestha\CRS\CRS.ReportExtractor\bin\Debug\Reports\Readmission\IP Readmission Trend CY13 on {0} for {1}.xls
2014-08-07 19:00:16,387 [11] INFO CRS.ReportExtractor.Program - Starting report execution process: /HSCRC_Reports/IP Readmission Trends and Destinations-218992-ce2xo445zoxiup55o5vvieic
2014-08-07 19:00:25,512 [11] INFO CRS.ReportExtractor.Program - Starting create file process: /HSCRC_Reports/IP Readmission Trends and Destinations-218992-ce2xo445zoxiup55o5vvieic-C:\Ai Development\CRISP-ERS-SIM\Developers\sshrestha\CRS\CRS.ReportExtractor\bin\Debug\Reports\Readmission\IP Readmission Trend CY13 on {0} for {1}.xls
2014-08-07 19:00:25,512 [11] INFO CRS.ReportExtractor.Program - Starting report execution process: /HSCRC_Reports/IP Readmission Trends and Destinations-212007-ce2xo445zoxiup55o5vvieic
2014-08-07 19:00:33,590 [11] INFO CRS.ReportExtractor.Program - Starting create file process: /HSCRC_Reports/IP Readmission Trends and Destinations-212007-ce2xo445zoxiup55o5vvieic-C:\Ai Development\CRISP-ERS-SIM\Developers\sshrestha\CRS\CRS.ReportExtractor\bin\Debug\Reports\Readmission\IP Readmission Trend CY13 on {0} for {1}.xls
2014-08-07 19:00:33,590 [11] INFO CRS.ReportExtractor.Program - Starting report execution process: /HSCRC_Reports/IP Readmission Trends and Destinations-210049-ce2xo445zoxiup55o5vvieic
2014-08-07 19:00:39,996 [11] INFO CRS.ReportExtractor.Program - Starting create file process: /HSCRC_Reports/IP Readmission Trends and Destinations-210049-ce2xo445zoxiup55o5vvieic-C:\Ai Development\CRISP-ERS-SIM\Developers\sshrestha\CRS\CRS.ReportExtractor\bin\Debug\Reports\Readmission\IP Readmission Trend CY13 on {0} for {1}.xls
2014-08-07 19:00:39,996 [11] INFO CRS.ReportExtractor.Program - Starting report execution process: /HSCRC_Reports/IP Readmission Trends and Destinations-210016-ce2xo445zoxiup55o5vvieic
2014-08-07 19:00:50,168 [11] INFO CRS.ReportExtractor.Program - Starting create file process: /HSCRC_Reports/IP Readmission Trends and Destinations-210016-ce2xo445zoxiup55o5vvieic-C:\Ai Development\CRISP-ERS-SIM\Developers\sshrestha\CRS\CRS.ReportExtractor\bin\Debug\Reports\Readmission\IP Readmission Trend CY13 on {0} for {1}.xls
2014-08-07 19:00:50,168 [11] INFO CRS.ReportExtractor.Program - Starting report execution process: /HSCRC_Reports/IP Readmission Trends and Destinations-210027-ce2xo445zoxiup55o5vvieic
2014-08-07 19:00:56,981 [11] INFO CRS.ReportExtractor.Program - Starting create file process: /HSCRC_Reports/IP Readmission Trends and Destinations-210027-ce2xo445zoxiup55o5vvieic-C:\Ai Development\CRISP-ERS-SIM\Developers\sshrestha\CRS\CRS.ReportExtractor\bin\Debug\Reports\Readmission\IP Readmission Trend CY13 on {0} for {1}.xls
