2014-08-08 08:02:18,444 [9] INFO CRS.ReportExtractor.Program - Starting execution: /HSCRC_Reports/IP Readmission Trends and Destinations-EXCEL-targetHospital
2014-08-08 08:02:18,460 [9] INFO CRS.ReportExtractor.Program - Exiting application
2014-08-08 08:03:18,055 [9] INFO CRS.ReportExtractor.Program - Starting execution: /HSCRC_Reports/IP Readmission Trends and Destinations-EXCEL-targetHospital
2014-08-08 08:03:18,071 [9] INFO CRS.ReportExtractor.Program - Exiting application
2014-08-08 08:06:47,588 [11] INFO CRS.ReportExtractor.Program - Starting report execution process: /HSCRC_Reports/IP Readmission Trends and Destinations-213029-dmijyp55pws5t355cxm4du45
2014-08-08 08:51:10,258 [10] INFO CRS.ReportExtractor.Program - Starting execution: /HSCRC_Reports/IP Readmission Trends and Destinations-EXCEL-targetHospital
2014-08-08 08:51:27,463 [10] INFO CRS.ReportExtractor.Program - Exiting application
2014-08-08 08:52:19,053 [7] INFO CRS.ReportExtractor.Program - Starting execution: /HSCRC_Reports/IP Readmission Trends and Destinations-EXCEL-targetHospital
2014-08-08 08:52:25,319 [7] INFO CRS.ReportExtractor.Program - Exiting application
2014-08-08 08:54:32,190 [9] INFO CRS.ReportExtractor.Program - Starting report execution process: /HSCRC_Reports/IP Readmission Trends and Destinations-213029-qpjwei552txdjtn4z2a0le45
2014-08-08 08:55:26,373 [9] INFO CRS.ReportExtractor.Program - Starting execution: /HSCRC_Reports/IP Readmission Trends and Destinations-EXCEL-targetHospital
2014-08-08 08:55:26,389 [9] INFO CRS.ReportExtractor.Program - Exiting application
2014-08-08 08:55:27,467 [11] INFO CRS.ReportExtractor.Program - Starting report execution process: /HSCRC_Reports/IP Readmission Trends and Destinations-213029-natq1lbzbmsnil55z0pvdkap
2014-08-08 08:55:40,935 [11] INFO CRS.ReportExtractor.Program - Starting create file process: /HSCRC_Reports/IP Readmission Trends and Destinations-213029-natq1lbzbmsnil55z0pvdkap-C:\Ai Development\CRISP-ERS-SIM\Developers\sshrestha\CRS\CRS.ReportExtractor\bin\Debug\Reports\Readmission\IP Readmission Trend CY13 on {0} for {1} {2}.xls
2014-08-08 08:55:40,935 [11] INFO CRS.ReportExtractor.Program - Starting report execution process: /HSCRC_Reports/IP Readmission Trends and Destinations-210023-natq1lbzbmsnil55z0pvdkap
2014-08-08 08:55:51,341 [11] INFO CRS.ReportExtractor.Program - Starting create file process: /HSCRC_Reports/IP Readmission Trends and Destinations-210023-natq1lbzbmsnil55z0pvdkap-C:\Ai Development\CRISP-ERS-SIM\Developers\sshrestha\CRS\CRS.ReportExtractor\bin\Debug\Reports\Readmission\IP Readmission Trend CY13 on {0} for {1} {2}.xls
2014-08-08 08:55:51,341 [11] INFO CRS.ReportExtractor.Program - Starting report execution process: /HSCRC_Reports/IP Readmission Trends and Destinations-210061-natq1lbzbmsnil55z0pvdkap
2014-08-08 08:55:59,325 [11] INFO CRS.ReportExtractor.Program - Starting create file process: /HSCRC_Reports/IP Readmission Trends and Destinations-210061-natq1lbzbmsnil55z0pvdkap-C:\Ai Development\CRISP-ERS-SIM\Developers\sshrestha\CRS\CRS.ReportExtractor\bin\Debug\Reports\Readmission\IP Readmission Trend CY13 on {0} for {1} {2}.xls
2014-08-08 08:55:59,325 [11] INFO CRS.ReportExtractor.Program - Starting report execution process: /HSCRC_Reports/IP Readmission Trends and Destinations-210013-natq1lbzbmsnil55z0pvdkap
2014-08-08 08:56:12,090 [11] INFO CRS.ReportExtractor.Program - Starting create file process: /HSCRC_Reports/IP Readmission Trends and Destinations-210013-natq1lbzbmsnil55z0pvdkap-C:\Ai Development\CRISP-ERS-SIM\Developers\sshrestha\CRS\CRS.ReportExtractor\bin\Debug\Reports\Readmission\IP Readmission Trend CY13 on {0} for {1} {2}.xls
2014-08-08 08:56:12,090 [11] INFO CRS.ReportExtractor.Program - Starting report execution process: /HSCRC_Reports/IP Readmission Trends and Destinations-210333-natq1lbzbmsnil55z0pvdkap
2014-08-08 08:57:09,415 [9] INFO CRS.ReportExtractor.Program - Starting execution: /HSCRC_Reports/IP Readmission Trends and Destinations-EXCEL-targetHospital
2014-08-08 08:57:09,430 [9] INFO CRS.ReportExtractor.Program - Exiting application
2014-08-08 08:57:11,258 [11] INFO CRS.ReportExtractor.Program - Starting report execution process: /HSCRC_Reports/IP Readmission Trends and Destinations-213029-2xefog55xs4ucsfzevndybaa
2014-08-08 08:57:20,133 [11] INFO CRS.ReportExtractor.Program - Starting create file process: /HSCRC_Reports/IP Readmission Trends and Destinations-213029-2xefog55xs4ucsfzevndybaa-C:\Ai Development\CRISP-ERS-SIM\Developers\sshrestha\CRS\CRS.ReportExtractor\bin\Debug\Reports\Readmission\IP Readmission Trend CY13 on {0} for {1} {2}.xls
2014-08-08 08:57:20,133 [11] INFO CRS.ReportExtractor.Program - Starting report execution process: /HSCRC_Reports/IP Readmission Trends and Destinations-210023-2xefog55xs4ucsfzevndybaa
2014-08-08 08:57:29,664 [11] INFO CRS.ReportExtractor.Program - Starting create file process: /HSCRC_Reports/IP Readmission Trends and Destinations-210023-2xefog55xs4ucsfzevndybaa-C:\Ai Development\CRISP-ERS-SIM\Developers\sshrestha\CRS\CRS.ReportExtractor\bin\Debug\Reports\Readmission\IP Readmission Trend CY13 on {0} for {1} {2}.xls
2014-08-08 08:57:29,664 [11] INFO CRS.ReportExtractor.Program - Starting report execution process: /HSCRC_Reports/IP Readmission Trends and Destinations-210061-2xefog55xs4ucsfzevndybaa
2014-08-08 08:57:40,601 [11] INFO CRS.ReportExtractor.Program - Starting create file process: /HSCRC_Reports/IP Readmission Trends and Destinations-210061-2xefog55xs4ucsfzevndybaa-C:\Ai Development\CRISP-ERS-SIM\Developers\sshrestha\CRS\CRS.ReportExtractor\bin\Debug\Reports\Readmission\IP Readmission Trend CY13 on {0} for {1} {2}.xls
2014-08-08 08:57:40,601 [11] INFO CRS.ReportExtractor.Program - Starting report execution process: /HSCRC_Reports/IP Readmission Trends and Destinations-210013-2xefog55xs4ucsfzevndybaa
2014-08-08 08:57:52,834 [11] INFO CRS.ReportExtractor.Program - Starting create file process: /HSCRC_Reports/IP Readmission Trends and Destinations-210013-2xefog55xs4ucsfzevndybaa-C:\Ai Development\CRISP-ERS-SIM\Developers\sshrestha\CRS\CRS.ReportExtractor\bin\Debug\Reports\Readmission\IP Readmission Trend CY13 on {0} for {1} {2}.xls
2014-08-08 08:57:52,834 [11] INFO CRS.ReportExtractor.Program - Starting report execution process: /HSCRC_Reports/IP Readmission Trends and Destinations-210333-2xefog55xs4ucsfzevndybaa
2014-08-08 08:58:53,878 [7] INFO CRS.ReportExtractor.Program - Starting execution: /HSCRC_Reports/IP Readmission Trends and Destinations-EXCEL-targetHospital
2014-08-08 08:58:53,894 [7] INFO CRS.ReportExtractor.Program - Exiting application
2014-08-08 08:58:55,034 [9] INFO CRS.ReportExtractor.Program - Starting report execution process: /HSCRC_Reports/IP Readmission Trends and Destinations-213029-ihyo5r55ty01iv454arred55
2014-08-08 08:59:02,628 [9] INFO CRS.ReportExtractor.Program - Starting create file process: /HSCRC_Reports/IP Readmission Trends and Destinations-213029-ihyo5r55ty01iv454arred55-C:\Ai Development\CRISP-ERS-SIM\Developers\sshrestha\CRS\CRS.ReportExtractor\bin\Debug\Reports\Readmission\IP Readmission Trend CY13 on {0} for {1} {2}.xls
2014-08-08 08:59:02,628 [9] INFO CRS.ReportExtractor.Program - Starting report execution process: /HSCRC_Reports/IP Readmission Trends and Destinations-210023-ihyo5r55ty01iv454arred55
2014-08-08 08:59:12,564 [9] INFO CRS.ReportExtractor.Program - Starting create file process: /HSCRC_Reports/IP Readmission Trends and Destinations-210023-ihyo5r55ty01iv454arred55-C:\Ai Development\CRISP-ERS-SIM\Developers\sshrestha\CRS\CRS.ReportExtractor\bin\Debug\Reports\Readmission\IP Readmission Trend CY13 on {0} for {1} {2}.xls
2014-08-08 08:59:12,564 [9] INFO CRS.ReportExtractor.Program - Starting report execution process: /HSCRC_Reports/IP Readmission Trends and Destinations-210061-ihyo5r55ty01iv454arred55
2014-08-08 08:59:21,752 [9] INFO CRS.ReportExtractor.Program - Starting create file process: /HSCRC_Reports/IP Readmission Trends and Destinations-210061-ihyo5r55ty01iv454arred55-C:\Ai Development\CRISP-ERS-SIM\Developers\sshrestha\CRS\CRS.ReportExtractor\bin\Debug\Reports\Readmission\IP Readmission Trend CY13 on {0} for {1} {2}.xls
2014-08-08 08:59:21,768 [9] INFO CRS.ReportExtractor.Program - Starting report execution process: /HSCRC_Reports/IP Readmission Trends and Destinations-210013-ihyo5r55ty01iv454arred55
2014-08-08 08:59:32,768 [9] INFO CRS.ReportExtractor.Program - Starting create file process: /HSCRC_Reports/IP Readmission Trends and Destinations-210013-ihyo5r55ty01iv454arred55-C:\Ai Development\CRISP-ERS-SIM\Developers\sshrestha\CRS\CRS.ReportExtractor\bin\Debug\Reports\Readmission\IP Readmission Trend CY13 on {0} for {1} {2}.xls
2014-08-08 08:59:32,768 [9] INFO CRS.ReportExtractor.Program - Starting report execution process: /HSCRC_Reports/IP Readmission Trends and Destinations-210333-ihyo5r55ty01iv454arred55
2014-08-08 09:12:43,392 [7] INFO CRS.ReportExtractor.Program - Starting execution: /HSCRC_Reports/IP Top Utilizers-EXCEL-targetHospital
2014-08-08 09:12:43,408 [7] INFO CRS.ReportExtractor.Program - Exiting application
2014-08-08 09:12:44,658 [9] INFO CRS.ReportExtractor.Program - Starting report execution process: /HSCRC_Reports/IP Top Utilizers-213029-e2ea25451erf1555enwb3k45
2014-08-08 09:27:10,482 [9] INFO CRS.ReportExtractor.Program - Starting execution: /HSCRC_Reports/IP Top Utilizers-EXCEL-targetHospital
2014-08-08 09:27:10,498 [9] INFO CRS.ReportExtractor.Program - Exiting application
2014-08-08 09:27:11,983 [11] INFO CRS.ReportExtractor.Program - Starting report execution process: /HSCRC_Reports/IP Top Utilizers-213029-whkkpt45gl2pmsfyabpix3aq
2014-08-08 09:27:19,795 [11] INFO CRS.ReportExtractor.Program - Starting create file process: /HSCRC_Reports/IP Top Utilizers-213029-whkkpt45gl2pmsfyabpix3aq-C:\Ai Development\CRISP-ERS-SIM\Developers\sshrestha\CRS\CRS.ReportExtractor\bin\Debug\Reports\TopUtilizer\IP Top Utilizers on {0} for {1} {2}.xls
2014-08-08 09:27:19,795 [11] INFO CRS.ReportExtractor.Program - Starting report execution process: /HSCRC_Reports/IP Top Utilizers-210023-whkkpt45gl2pmsfyabpix3aq
2014-08-08 09:28:11,594 [11] INFO CRS.ReportExtractor.Program - Starting create file process: /HSCRC_Reports/IP Top Utilizers-210023-whkkpt45gl2pmsfyabpix3aq-C:\Ai Development\CRISP-ERS-SIM\Developers\sshrestha\CRS\CRS.ReportExtractor\bin\Debug\Reports\TopUtilizer\IP Top Utilizers on {0} for {1} {2}.xls
2014-08-08 09:28:11,594 [11] INFO CRS.ReportExtractor.Program - Starting report execution process: /HSCRC_Reports/IP Top Utilizers-210061-whkkpt45gl2pmsfyabpix3aq
2014-08-08 14:38:31,446 [7] INFO CRS.ReportExtractor.Program - Starting execution: /HSCRC_Reports/IP Readmission Trends and Destinations-EXCEL-targetHospital
2014-08-08 14:38:36,120 [7] INFO CRS.ReportExtractor.Program - Exiting application
2014-08-08 14:40:54,885 [9] INFO CRS.ReportExtractor.Program - Starting execution: /HSCRC_Reports/IP Readmission Trends and Destinations-EXCEL-targetHospital
2014-08-08 14:41:00,247 [9] INFO CRS.ReportExtractor.Program - Exiting application
2014-08-08 14:45:42,743 [10] INFO CRS.ReportExtractor.Program - Starting execution: /HSCRC_Reports/IP Readmission Trends and Destinations-EXCEL-targetHospital
2014-08-08 14:45:46,578 [10] INFO CRS.ReportExtractor.Program - Exiting application
2014-08-08 15:00:27,770 [10] INFO CRS.ReportExtractor.Program - Starting execution: /HSCRC_Reports/IP Readmission Trends and Destinations-EXCEL-targetHospital
2014-08-08 15:00:31,567 [10] INFO CRS.ReportExtractor.Program - Exiting application
2014-08-08 15:02:54,123 [9] INFO CRS.ReportExtractor.Program - Starting execution: /HSCRC_Reports/IP Readmission Trends and Destinations-EXCEL-targetHospital
2014-08-08 15:03:05,634 [9] INFO CRS.ReportExtractor.Program - Exiting application
2014-08-08 15:04:18,306 [9] INFO CRS.ReportExtractor.Program - Starting execution: /HSCRC_Reports/IP Readmission Trends and Destinations-EXCEL-targetHospital
2014-08-08 15:04:43,080 [9] INFO CRS.ReportExtractor.Program - Exiting application
2014-08-08 15:07:01,672 [9] INFO CRS.ReportExtractor.Program - Starting execution: /HSCRC_Reports/IP Readmission Trends and Destinations-EXCEL-targetHospital
2014-08-08 15:07:47,049 [9] INFO CRS.ReportExtractor.Program - Exiting application
2014-08-08 15:28:13,219 [7] INFO CRS.ReportExtractor.Program - Starting execution: /HSCRC_Reports/IP Readmission Trends and Destinations-EXCEL-targetHospital
2014-08-08 15:28:13,230 [7] INFO CRS.ReportExtractor.Program - Exiting application
2014-08-08 15:28:33,257 [9] INFO CRS.ReportExtractor.Program - Starting execution: /HSCRC_Reports/IP Readmission Trends and Destinations-EXCEL-targetHospital
2014-08-08 15:28:37,412 [9] INFO CRS.ReportExtractor.Program - Exiting application
2014-08-08 15:35:07,235 [7] INFO CRS.ReportExtractor.Program - Starting execution: /HSCRC_Reports/IP Readmission Trends and Destinations-EXCEL-targetHospital
2014-08-08 15:35:20,056 [7] INFO CRS.ReportExtractor.Program - Exiting application
2014-08-08 17:00:18,801 [7] INFO CRS.ReportExtractor.Program - Starting execution: /HSCRC_Reports/IP Readmission Trends and Destinations-EXCEL-targetHospital
2014-08-08 17:00:18,832 [7] INFO CRS.ReportExtractor.Program - Exiting application
2014-08-08 17:00:20,348 [9] INFO CRS.ReportExtractor.Program - Starting report execution process: /HSCRC_Reports/IP Readmission Trends and Destinations-213029-zl1cnl55ucbf0i45ae2ac545
2014-08-08 17:00:39,958 [9] INFO CRS.ReportExtractor.Program - Starting create file process: /HSCRC_Reports/IP Readmission Trends and Destinations-213029-zl1cnl55ucbf0i45ae2ac545-\\Tpdc1\crispdev\CRS\Reports Standard\WebsiteStatic\DEV\{0}\IP Readmission Trend CY13 on {1} for {2} {3}.xls
2014-08-08 17:06:06,085 [7] INFO CRS.ReportExtractor.Program - Starting execution: /HSCRC_Reports/IP Readmission Trends and Destinations-EXCEL-targetHospital
2014-08-08 17:06:06,100 [7] INFO CRS.ReportExtractor.Program - Exiting application
2014-08-08 17:06:07,053 [9] INFO CRS.ReportExtractor.Program - Starting report execution process: /HSCRC_Reports/IP Readmission Trends and Destinations-213029-c131bivldjf3pm45vrklsc45
2014-08-08 17:06:19,038 [9] INFO CRS.ReportExtractor.Program - Starting create file process: /HSCRC_Reports/IP Readmission Trends and Destinations-213029-c131bivldjf3pm45vrklsc45-\\Tpdc1\crispdev\CRS\Reports Standard\WebsiteStatic\DEV\{0}\{1}\IP Readmission Trend CY13 on {2} for {3} {4}.xls
2014-08-08 17:14:51,892 [7] INFO CRS.ReportExtractor.Program - Starting execution: /HSCRC_Reports/IP Readmission Trends and Destinations-EXCEL-targetHospital
2014-08-08 17:14:51,907 [7] INFO CRS.ReportExtractor.Program - Exiting application
2014-08-08 17:14:53,829 [9] INFO CRS.ReportExtractor.Program - Starting report execution process: /HSCRC_Reports/IP Readmission Trends and Destinations-213029-qc2upd5535ugel45pfyvh33t
2014-08-08 17:15:07,001 [9] INFO CRS.ReportExtractor.Program - Starting create file process: /HSCRC_Reports/IP Readmission Trends and Destinations-213029-qc2upd5535ugel45pfyvh33t-\\Tpdc1\crispdev\CRS\Reports Standard\WebsiteStatic\DEV\{0}\{1}\IP Readmission Trend CY13 on {2} for {3} {4}.xls
2014-08-08 17:21:27,508 [7] INFO CRS.ReportExtractor.Program - Starting execution: /HSCRC_Reports/IP Readmission Trends and Destinations-EXCEL-targetHospital
2014-08-08 17:21:27,523 [7] INFO CRS.ReportExtractor.Program - Exiting application
2014-08-08 17:21:28,539 [9] INFO CRS.ReportExtractor.Program - Starting report execution process: /HSCRC_Reports/IP Readmission Trends and Destinations-213029-j25oocef2l3v4rv2w3vds055
2014-08-08 17:21:35,414 [9] INFO CRS.ReportExtractor.Program - Starting execution: /HSCRC_Reports/IP Readmission Trends and Destinations-EXCEL-targetHospital
2014-08-08 17:21:35,430 [9] INFO CRS.ReportExtractor.Program - Exiting application
2014-08-08 17:21:36,742 [11] INFO CRS.ReportExtractor.Program - Starting report execution process: /HSCRC_Reports/IP Readmission Trends and Destinations-213029-3gff0q45okguce45hnt34045
2014-08-08 17:21:47,664 [11] INFO CRS.ReportExtractor.Program - Starting create file process: /HSCRC_Reports/IP Readmission Trends and Destinations-213029-3gff0q45okguce45hnt34045-\\Tpdc1\crispdev\CRS\Reports Standard\WebsiteStatic\DEV\{0}\{1}\IP Readmission Trend CY13 on {2} for {3} {4}.xls
2014-08-08 17:25:07,992 [8] INFO CRS.ReportExtractor.Program - Starting execution: /HSCRC_Reports/IP Readmission Trends and Destinations-EXCEL-targetHospital
2014-08-08 17:25:07,992 [8] INFO CRS.ReportExtractor.Program - Exiting application
2014-08-08 17:25:09,164 [10] INFO CRS.ReportExtractor.Program - Starting report execution process: /HSCRC_Reports/IP Readmission Trends and Destinations-213029-s04j1q55xst10a45w3llpp45
2014-08-08 17:25:16,695 [10] INFO CRS.ReportExtractor.Program - Starting create file process: /HSCRC_Reports/IP Readmission Trends and Destinations-213029-s04j1q55xst10a45w3llpp45-\\Tpdc1\crispdev\CRS\Reports Standard\WebsiteStatic\DEV\{0}\{1}\IP Readmission Trend CY13 on {2} for {3} {4}.xls
2014-08-08 17:27:17,779 [7] INFO CRS.ReportExtractor.Program - Starting execution: /HSCRC_Reports/IP Readmission Trends and Destinations-EXCEL-targetHospital
2014-08-08 17:27:17,794 [7] INFO CRS.ReportExtractor.Program - Exiting application
2014-08-08 17:27:18,748 [9] INFO CRS.ReportExtractor.Program - Starting report execution process: /HSCRC_Reports/IP Readmission Trends and Destinations-213029-mkeck345emqwycndfu5hhx45
2014-08-08 17:27:26,560 [9] INFO CRS.ReportExtractor.Program - Starting create file process: /HSCRC_Reports/IP Readmission Trends and Destinations-213029-mkeck345emqwycndfu5hhx45-\\Tpdc1\crispdev\CRS\Reports Standard\WebsiteStatic\DEV\{0}\{1}\IP Readmission Trend CY13 on {2} for {3} {4}.xls
2014-08-08 17:27:46,685 [7] INFO CRS.ReportExtractor.Program - Starting execution: /HSCRC_Reports/IP Readmission Trends and Destinations-EXCEL-targetHospital
2014-08-08 17:27:46,717 [7] INFO CRS.ReportExtractor.Program - Exiting application
2014-08-08 17:27:47,560 [9] INFO CRS.ReportExtractor.Program - Starting report execution process: /HSCRC_Reports/IP Readmission Trends and Destinations-213029-utxaagjcesfcl0nf1jjszdaa
2014-08-08 17:27:57,389 [9] INFO CRS.ReportExtractor.Program - Starting create file process: /HSCRC_Reports/IP Readmission Trends and Destinations-213029-utxaagjcesfcl0nf1jjszdaa-\\Tpdc1\crispdev\CRS\Reports Standard\WebsiteStatic\DEV\{0}\{1}\IP Readmission Trend CY13 on {2} for {3} {4}.xls
